2024-02-15T06:34:01+00:00 CRITICAL Uncaught Error: Undefined constant PDO::MYSQL_ATTR_INIT_COMMAND in /var/www/html/wp-content/plugins/mailpoet/lib/Doctrine/ConnectionFactory.php:85
Stack trace:
#0 /var/www/html/wp-content/plugins/mailpoet/lib/Doctrine/ConnectionFactory.php(45): MailPoet\Doctrine\ConnectionFactory->getDriverOptions('+00:00', 'utf8mb4', 'utf8mb4_unicode...')
#1 /var/www/html/wp-content/plugins/mailpoet/generated/FreeCachedContainer.php(620): MailPoet\Doctrine\ConnectionFactory->createConnection()
#2 /var/www/html/wp-content/plugins/mailpoet/generated/FreeCachedContainer.php(3190): MailPoetGenerated\FreeCachedContainer->getConnectionService()
#3 /var/www/html/wp-content/plugins/mailpoet/generated/FreeCachedContainer.php(630): MailPoetGenerated\FreeCachedContainer->getEntityManagerFactoryService()
#4 /var/www/html/wp-content/plugins/mailpoet/generated/FreeCachedContainer.php(3158): MailPoetGenerated\FreeCachedContainer->getEntityManagerService()
#5 /var/www/html/wp-content/plugins/mailpoet/generated/FreeCachedContainer.php(990): MailPoetGenerated\FreeCachedContainer->getCustomFieldsRepositoryService()
#6 /var/www/html/wp-content/plugins/mailpoet/generated/FreeCachedContainer.php(980): MailPoetGenerated\FreeCachedContainer->getCustomFields2Service()
#7 /var/www/html/wp-content/plugins/mailpoet/vendor-prefixed/symfony/dependency-injection/Container.php(122): MailPoetGenerated\FreeCachedContainer->getAPI2Service()
#8 /var/www/html/wp-content/plugins/mailpoet/vendor-prefixed/symfony/dependency-injection/Container.php(110): MailPoetVendor\Symfony\Component\DependencyInjection\Container->make('MailPoet\\API\\MP...', 1)
#9 /var/www/html/wp-content/plugins/mailpoet/lib/DI/ContainerWrapper.php(39): MailPoetVendor\Symfony\Component\DependencyInjection\Container->get('MailPoet\\API\\MP...')
#10 /var/www/html/wp-content/plugins/mailpoet/lib/API/API.php(21): MailPoet\DI\ContainerWrapper->get('MailPoet\\API\\MP...')
#11 /var/www/html/wp-content/plugins/woocommerce/src/Admin/Marketing/InstalledExtensions.php(372): MailPoet\API\API::MP('v1')
#12 /var/www/html/wp-content/plugins/woocommerce/src/Admin/Marketing/InstalledExtensions.php(31): Automattic\WooCommerce\Admin\Marketing\InstalledExtensions::get_mailpoet_extension_data()
#13 /var/www/html/wp-content/plugins/woocommerce/src/Internal/Admin/Marketing.php(155): Automattic\WooCommerce\Admin\Marketing\InstalledExtensions::get_data()
#14 /var/www/html/wp-includes/class-wp-hook.php(324): Automattic\WooCommerce\Internal\Admin\Marketing->component_settings(Array)
#15 /var/www/html/wp-includes/plugin.php(205): WP_Hook->apply_filters(Array, Array)
#16 /var/www/html/wp-content/plugins/woocommerce/src/Internal/Admin/WCAdminSharedSettings.php(61): apply_filters('woocommerce_adm...', Array)
#17 /var/www/html/wp-content/plugins/woocommerce/src/Blocks/Assets/AssetDataRegistry.php(268): Automattic\WooCommerce\Internal\Admin\WCAdminSharedSettings->Automattic\WooCommerce\Internal\Admin\{closure}()
#18 /var/www/html/wp-content/plugins/woocommerce/src/Blocks/Assets/AssetDataRegistry.php(393): Automattic\WooCommerce\Blocks\Assets\AssetDataRegistry->execute_lazy_data()
#19 /var/www/html/wp-includes/class-wp-hook.php(324): Automattic\WooCommerce\Blocks\Assets\AssetDataRegistry->enqueue_asset_data('')
#20 /var/www/html/wp-includes/class-wp-hook.php(348): WP_Hook->apply_filters('', Array)
#21 /var/www/html/wp-includes/plugin.php(517): WP_Hook->do_action(Array)
#22 /var/www/html/wp-admin/admin-footer.php(95): do_action('admin_print_foo...')
#23 /var/www/html/wp-admin/admin.php(297): require_once('/var/www/html/w...')
#24 {main}
  thrown in /var/www/html/wp-content/plugins/mailpoet/lib/Doctrine/ConnectionFactory.php on line 85

2024-02-15T06:36:12+00:00 CRITICAL Uncaught Error: Undefined constant PDO::MYSQL_ATTR_INIT_COMMAND in /var/www/html/wp-content/plugins/mailpoet/lib/Doctrine/ConnectionFactory.php:85
Stack trace:
#0 /var/www/html/wp-content/plugins/mailpoet/lib/Doctrine/ConnectionFactory.php(45): MailPoet\Doctrine\ConnectionFactory->getDriverOptions('+00:00', 'utf8mb4', 'utf8mb4_unicode...')
#1 /var/www/html/wp-content/plugins/mailpoet/generated/FreeCachedContainer.php(620): MailPoet\Doctrine\ConnectionFactory->createConnection()
#2 /var/www/html/wp-content/plugins/mailpoet/generated/FreeCachedContainer.php(3190): MailPoetGenerated\FreeCachedContainer->getConnectionService()
#3 /var/www/html/wp-content/plugins/mailpoet/generated/FreeCachedContainer.php(630): MailPoetGenerated\FreeCachedContainer->getEntityManagerFactoryService()
#4 /var/www/html/wp-content/plugins/mailpoet/generated/FreeCachedContainer.php(3158): MailPoetGenerated\FreeCachedContainer->getEntityManagerService()
#5 /var/www/html/wp-content/plugins/mailpoet/generated/FreeCachedContainer.php(990): MailPoetGenerated\FreeCachedContainer->getCustomFieldsRepositoryService()
#6 /var/www/html/wp-content/plugins/mailpoet/generated/FreeCachedContainer.php(980): MailPoetGenerated\FreeCachedContainer->getCustomFields2Service()
#7 /var/www/html/wp-content/plugins/mailpoet/vendor-prefixed/symfony/dependency-injection/Container.php(122): MailPoetGenerated\FreeCachedContainer->getAPI2Service()
#8 /var/www/html/wp-content/plugins/mailpoet/vendor-prefixed/symfony/dependency-injection/Container.php(110): MailPoetVendor\Symfony\Component\DependencyInjection\Container->make('MailPoet\\API\\MP...', 1)
#9 /var/www/html/wp-content/plugins/mailpoet/lib/DI/ContainerWrapper.php(39): MailPoetVendor\Symfony\Component\DependencyInjection\Container->get('MailPoet\\API\\MP...')
#10 /var/www/html/wp-content/plugins/mailpoet/lib/API/API.php(21): MailPoet\DI\ContainerWrapper->get('MailPoet\\API\\MP...')
#11 /var/www/html/wp-content/plugins/woocommerce/src/Admin/Marketing/InstalledExtensions.php(372): MailPoet\API\API::MP('v1')
#12 /var/www/html/wp-content/plugins/woocommerce/src/Admin/Marketing/InstalledExtensions.php(31): Automattic\WooCommerce\Admin\Marketing\InstalledExtensions::get_mailpoet_extension_data()
#13 /var/www/html/wp-content/plugins/woocommerce/src/Internal/Admin/Marketing.php(155): Automattic\WooCommerce\Admin\Marketing\InstalledExtensions::get_data()
#14 /var/www/html/wp-includes/class-wp-hook.php(324): Automattic\WooCommerce\Internal\Admin\Marketing->component_settings(Array)
#15 /var/www/html/wp-includes/plugin.php(205): WP_Hook->apply_filters(Array, Array)
#16 /var/www/html/wp-content/plugins/woocommerce/src/Internal/Admin/WCAdminSharedSettings.php(61): apply_filters('woocommerce_adm...', Array)
#17 /var/www/html/wp-content/plugins/woocommerce/src/Blocks/Assets/AssetDataRegistry.php(268): Automattic\WooCommerce\Internal\Admin\WCAdminSharedSettings->Automattic\WooCommerce\Internal\Admin\{closure}()
#18 /var/www/html/wp-content/plugins/woocommerce/src/Blocks/Assets/AssetDataRegistry.php(393): Automattic\WooCommerce\Blocks\Assets\AssetDataRegistry->execute_lazy_data()
#19 /var/www/html/wp-includes/class-wp-hook.php(324): Automattic\WooCommerce\Blocks\Assets\AssetDataRegistry->enqueue_asset_data('')
#20 /var/www/html/wp-includes/class-wp-hook.php(348): WP_Hook->apply_filters('', Array)
#21 /var/www/html/wp-includes/plugin.php(517): WP_Hook->do_action(Array)
#22 /var/www/html/wp-admin/admin-footer.php(95): do_action('admin_print_foo...')
#23 /var/www/html/wp-admin/admin.php(297): require_once('/var/www/html/w...')
#24 {main}
  thrown in /var/www/html/wp-content/plugins/mailpoet/lib/Doctrine/ConnectionFactory.php on line 85

2024-02-15T06:49:01+00:00 CRITICAL Uncaught Error: Undefined constant PDO::MYSQL_ATTR_INIT_COMMAND in /var/www/html/wp-content/plugins/mailpoet/lib/Doctrine/ConnectionFactory.php:85
Stack trace:
#0 /var/www/html/wp-content/plugins/mailpoet/lib/Doctrine/ConnectionFactory.php(45): MailPoet\Doctrine\ConnectionFactory->getDriverOptions('+00:00', 'utf8mb4', 'utf8mb4_unicode...')
#1 /var/www/html/wp-content/plugins/mailpoet/generated/FreeCachedContainer.php(620): MailPoet\Doctrine\ConnectionFactory->createConnection()
#2 /var/www/html/wp-content/plugins/mailpoet/generated/FreeCachedContainer.php(3190): MailPoetGenerated\FreeCachedContainer->getConnectionService()
#3 /var/www/html/wp-content/plugins/mailpoet/generated/FreeCachedContainer.php(630): MailPoetGenerated\FreeCachedContainer->getEntityManagerFactoryService()
#4 /var/www/html/wp-content/plugins/mailpoet/generated/FreeCachedContainer.php(3158): MailPoetGenerated\FreeCachedContainer->getEntityManagerService()
#5 /var/www/html/wp-content/plugins/mailpoet/generated/FreeCachedContainer.php(990): MailPoetGenerated\FreeCachedContainer->getCustomFieldsRepositoryService()
#6 /var/www/html/wp-content/plugins/mailpoet/generated/FreeCachedContainer.php(980): MailPoetGenerated\FreeCachedContainer->getCustomFields2Service()
#7 /var/www/html/wp-content/plugins/mailpoet/vendor-prefixed/symfony/dependency-injection/Container.php(122): MailPoetGenerated\FreeCachedContainer->getAPI2Service()
#8 /var/www/html/wp-content/plugins/mailpoet/vendor-prefixed/symfony/dependency-injection/Container.php(110): MailPoetVendor\Symfony\Component\DependencyInjection\Container->make('MailPoet\\API\\MP...', 1)
#9 /var/www/html/wp-content/plugins/mailpoet/lib/DI/ContainerWrapper.php(39): MailPoetVendor\Symfony\Component\DependencyInjection\Container->get('MailPoet\\API\\MP...')
#10 /var/www/html/wp-content/plugins/mailpoet/lib/API/API.php(21): MailPoet\DI\ContainerWrapper->get('MailPoet\\API\\MP...')
#11 /var/www/html/wp-content/plugins/woocommerce/src/Admin/Marketing/InstalledExtensions.php(372): MailPoet\API\API::MP('v1')
#12 /var/www/html/wp-content/plugins/woocommerce/src/Admin/Marketing/InstalledExtensions.php(31): Automattic\WooCommerce\Admin\Marketing\InstalledExtensions::get_mailpoet_extension_data()
#13 /var/www/html/wp-content/plugins/woocommerce/src/Internal/Admin/Marketing.php(155): Automattic\WooCommerce\Admin\Marketing\InstalledExtensions::get_data()
#14 /var/www/html/wp-includes/class-wp-hook.php(324): Automattic\WooCommerce\Internal\Admin\Marketing->component_settings(Array)
#15 /var/www/html/wp-includes/plugin.php(205): WP_Hook->apply_filters(Array, Array)
#16 /var/www/html/wp-content/plugins/woocommerce/src/Internal/Admin/WCAdminSharedSettings.php(61): apply_filters('woocommerce_adm...', Array)
#17 /var/www/html/wp-content/plugins/woocommerce/src/Blocks/Assets/AssetDataRegistry.php(268): Automattic\WooCommerce\Internal\Admin\WCAdminSharedSettings->Automattic\WooCommerce\Internal\Admin\{closure}()
#18 /var/www/html/wp-content/plugins/woocommerce/src/Blocks/Assets/AssetDataRegistry.php(393): Automattic\WooCommerce\Blocks\Assets\AssetDataRegistry->execute_lazy_data()
#19 /var/www/html/wp-includes/class-wp-hook.php(324): Automattic\WooCommerce\Blocks\Assets\AssetDataRegistry->enqueue_asset_data('')
#20 /var/www/html/wp-includes/class-wp-hook.php(348): WP_Hook->apply_filters('', Array)
#21 /var/www/html/wp-includes/plugin.php(517): WP_Hook->do_action(Array)
#22 /var/www/html/wp-admin/admin-footer.php(95): do_action('admin_print_foo...')
#23 /var/www/html/wp-admin/admin.php(297): require_once('/var/www/html/w...')
#24 {main}
  thrown in /var/www/html/wp-content/plugins/mailpoet/lib/Doctrine/ConnectionFactory.php on line 85

2024-02-15T06:49:13+00:00 CRITICAL Uncaught Error: Undefined constant PDO::MYSQL_ATTR_INIT_COMMAND in /var/www/html/wp-content/plugins/mailpoet/lib/Doctrine/ConnectionFactory.php:85
Stack trace:
#0 /var/www/html/wp-content/plugins/mailpoet/lib/Doctrine/ConnectionFactory.php(45): MailPoet\Doctrine\ConnectionFactory->getDriverOptions('+00:00', 'utf8mb4', 'utf8mb4_unicode...')
#1 /var/www/html/wp-content/plugins/mailpoet/generated/FreeCachedContainer.php(620): MailPoet\Doctrine\ConnectionFactory->createConnection()
#2 /var/www/html/wp-content/plugins/mailpoet/generated/FreeCachedContainer.php(3190): MailPoetGenerated\FreeCachedContainer->getConnectionService()
#3 /var/www/html/wp-content/plugins/mailpoet/generated/FreeCachedContainer.php(630): MailPoetGenerated\FreeCachedContainer->getEntityManagerFactoryService()
#4 /var/www/html/wp-content/plugins/mailpoet/generated/FreeCachedContainer.php(3158): MailPoetGenerated\FreeCachedContainer->getEntityManagerService()
#5 /var/www/html/wp-content/plugins/mailpoet/generated/FreeCachedContainer.php(990): MailPoetGenerated\FreeCachedContainer->getCustomFieldsRepositoryService()
#6 /var/www/html/wp-content/plugins/mailpoet/generated/FreeCachedContainer.php(980): MailPoetGenerated\FreeCachedContainer->getCustomFields2Service()
#7 /var/www/html/wp-content/plugins/mailpoet/vendor-prefixed/symfony/dependency-injection/Container.php(122): MailPoetGenerated\FreeCachedContainer->getAPI2Service()
#8 /var/www/html/wp-content/plugins/mailpoet/vendor-prefixed/symfony/dependency-injection/Container.php(110): MailPoetVendor\Symfony\Component\DependencyInjection\Container->make('MailPoet\\API\\MP...', 1)
#9 /var/www/html/wp-content/plugins/mailpoet/lib/DI/ContainerWrapper.php(39): MailPoetVendor\Symfony\Component\DependencyInjection\Container->get('MailPoet\\API\\MP...')
#10 /var/www/html/wp-content/plugins/mailpoet/lib/API/API.php(21): MailPoet\DI\ContainerWrapper->get('MailPoet\\API\\MP...')
#11 /var/www/html/wp-content/plugins/woocommerce/src/Admin/Marketing/InstalledExtensions.php(372): MailPoet\API\API::MP('v1')
#12 /var/www/html/wp-content/plugins/woocommerce/src/Admin/Marketing/InstalledExtensions.php(31): Automattic\WooCommerce\Admin\Marketing\InstalledExtensions::get_mailpoet_extension_data()
#13 /var/www/html/wp-content/plugins/woocommerce/src/Internal/Admin/Marketing.php(155): Automattic\WooCommerce\Admin\Marketing\InstalledExtensions::get_data()
#14 /var/www/html/wp-includes/class-wp-hook.php(324): Automattic\WooCommerce\Internal\Admin\Marketing->component_settings(Array)
#15 /var/www/html/wp-includes/plugin.php(205): WP_Hook->apply_filters(Array, Array)
#16 /var/www/html/wp-content/plugins/woocommerce/src/Internal/Admin/WCAdminSharedSettings.php(61): apply_filters('woocommerce_adm...', Array)
#17 /var/www/html/wp-content/plugins/woocommerce/src/Blocks/Assets/AssetDataRegistry.php(268): Automattic\WooCommerce\Internal\Admin\WCAdminSharedSettings->Automattic\WooCommerce\Internal\Admin\{closure}()
#18 /var/www/html/wp-content/plugins/woocommerce/src/Blocks/Assets/AssetDataRegistry.php(393): Automattic\WooCommerce\Blocks\Assets\AssetDataRegistry->execute_lazy_data()
#19 /var/www/html/wp-includes/class-wp-hook.php(324): Automattic\WooCommerce\Blocks\Assets\AssetDataRegistry->enqueue_asset_data('')
#20 /var/www/html/wp-includes/class-wp-hook.php(348): WP_Hook->apply_filters('', Array)
#21 /var/www/html/wp-includes/plugin.php(517): WP_Hook->do_action(Array)
#22 /var/www/html/wp-admin/admin-footer.php(95): do_action('admin_print_foo...')
#23 /var/www/html/wp-admin/admin.php(297): require_once('/var/www/html/w...')
#24 {main}
  thrown in /var/www/html/wp-content/plugins/mailpoet/lib/Doctrine/ConnectionFactory.php on line 85

2024-02-15T06:49:18+00:00 CRITICAL Uncaught Error: Undefined constant PDO::MYSQL_ATTR_INIT_COMMAND in /var/www/html/wp-content/plugins/mailpoet/lib/Doctrine/ConnectionFactory.php:85
Stack trace:
#0 /var/www/html/wp-content/plugins/mailpoet/lib/Doctrine/ConnectionFactory.php(45): MailPoet\Doctrine\ConnectionFactory->getDriverOptions('+00:00', 'utf8mb4', 'utf8mb4_unicode...')
#1 /var/www/html/wp-content/plugins/mailpoet/generated/FreeCachedContainer.php(620): MailPoet\Doctrine\ConnectionFactory->createConnection()
#2 /var/www/html/wp-content/plugins/mailpoet/generated/FreeCachedContainer.php(3190): MailPoetGenerated\FreeCachedContainer->getConnectionService()
#3 /var/www/html/wp-content/plugins/mailpoet/generated/FreeCachedContainer.php(630): MailPoetGenerated\FreeCachedContainer->getEntityManagerFactoryService()
#4 /var/www/html/wp-content/plugins/mailpoet/generated/FreeCachedContainer.php(3158): MailPoetGenerated\FreeCachedContainer->getEntityManagerService()
#5 /var/www/html/wp-content/plugins/mailpoet/generated/FreeCachedContainer.php(990): MailPoetGenerated\FreeCachedContainer->getCustomFieldsRepositoryService()
#6 /var/www/html/wp-content/plugins/mailpoet/generated/FreeCachedContainer.php(980): MailPoetGenerated\FreeCachedContainer->getCustomFields2Service()
#7 /var/www/html/wp-content/plugins/mailpoet/vendor-prefixed/symfony/dependency-injection/Container.php(122): MailPoetGenerated\FreeCachedContainer->getAPI2Service()
#8 /var/www/html/wp-content/plugins/mailpoet/vendor-prefixed/symfony/dependency-injection/Container.php(110): MailPoetVendor\Symfony\Component\DependencyInjection\Container->make('MailPoet\\API\\MP...', 1)
#9 /var/www/html/wp-content/plugins/mailpoet/lib/DI/ContainerWrapper.php(39): MailPoetVendor\Symfony\Component\DependencyInjection\Container->get('MailPoet\\API\\MP...')
#10 /var/www/html/wp-content/plugins/mailpoet/lib/API/API.php(21): MailPoet\DI\ContainerWrapper->get('MailPoet\\API\\MP...')
#11 /var/www/html/wp-content/plugins/woocommerce/src/Admin/Marketing/InstalledExtensions.php(372): MailPoet\API\API::MP('v1')
#12 /var/www/html/wp-content/plugins/woocommerce/src/Admin/Marketing/InstalledExtensions.php(31): Automattic\WooCommerce\Admin\Marketing\InstalledExtensions::get_mailpoet_extension_data()
#13 /var/www/html/wp-content/plugins/woocommerce/src/Internal/Admin/Marketing.php(155): Automattic\WooCommerce\Admin\Marketing\InstalledExtensions::get_data()
#14 /var/www/html/wp-includes/class-wp-hook.php(324): Automattic\WooCommerce\Internal\Admin\Marketing->component_settings(Array)
#15 /var/www/html/wp-includes/plugin.php(205): WP_Hook->apply_filters(Array, Array)
#16 /var/www/html/wp-content/plugins/woocommerce/src/Internal/Admin/WCAdminSharedSettings.php(61): apply_filters('woocommerce_adm...', Array)
#17 /var/www/html/wp-content/plugins/woocommerce/src/Blocks/Assets/AssetDataRegistry.php(268): Automattic\WooCommerce\Internal\Admin\WCAdminSharedSettings->Automattic\WooCommerce\Internal\Admin\{closure}()
#18 /var/www/html/wp-content/plugins/woocommerce/src/Blocks/Assets/AssetDataRegistry.php(393): Automattic\WooCommerce\Blocks\Assets\AssetDataRegistry->execute_lazy_data()
#19 /var/www/html/wp-includes/class-wp-hook.php(324): Automattic\WooCommerce\Blocks\Assets\AssetDataRegistry->enqueue_asset_data('')
#20 /var/www/html/wp-includes/class-wp-hook.php(348): WP_Hook->apply_filters('', Array)
#21 /var/www/html/wp-includes/plugin.php(517): WP_Hook->do_action(Array)
#22 /var/www/html/wp-admin/admin-footer.php(95): do_action('admin_print_foo...')
#23 /var/www/html/wp-admin/admin.php(297): require_once('/var/www/html/w...')
#24 {main}
  thrown in /var/www/html/wp-content/plugins/mailpoet/lib/Doctrine/ConnectionFactory.php on line 85

2024-02-15T06:49:32+00:00 CRITICAL Uncaught Error: Undefined constant PDO::MYSQL_ATTR_INIT_COMMAND in /var/www/html/wp-content/plugins/mailpoet/lib/Doctrine/ConnectionFactory.php:85
Stack trace:
#0 /var/www/html/wp-content/plugins/mailpoet/lib/Doctrine/ConnectionFactory.php(45): MailPoet\Doctrine\ConnectionFactory->getDriverOptions('+00:00', 'utf8mb4', 'utf8mb4_unicode...')
#1 /var/www/html/wp-content/plugins/mailpoet/generated/FreeCachedContainer.php(620): MailPoet\Doctrine\ConnectionFactory->createConnection()
#2 /var/www/html/wp-content/plugins/mailpoet/generated/FreeCachedContainer.php(3190): MailPoetGenerated\FreeCachedContainer->getConnectionService()
#3 /var/www/html/wp-content/plugins/mailpoet/generated/FreeCachedContainer.php(630): MailPoetGenerated\FreeCachedContainer->getEntityManagerFactoryService()
#4 /var/www/html/wp-content/plugins/mailpoet/generated/FreeCachedContainer.php(3158): MailPoetGenerated\FreeCachedContainer->getEntityManagerService()
#5 /var/www/html/wp-content/plugins/mailpoet/generated/FreeCachedContainer.php(990): MailPoetGenerated\FreeCachedContainer->getCustomFieldsRepositoryService()
#6 /var/www/html/wp-content/plugins/mailpoet/generated/FreeCachedContainer.php(980): MailPoetGenerated\FreeCachedContainer->getCustomFields2Service()
#7 /var/www/html/wp-content/plugins/mailpoet/vendor-prefixed/symfony/dependency-injection/Container.php(122): MailPoetGenerated\FreeCachedContainer->getAPI2Service()
#8 /var/www/html/wp-content/plugins/mailpoet/vendor-prefixed/symfony/dependency-injection/Container.php(110): MailPoetVendor\Symfony\Component\DependencyInjection\Container->make('MailPoet\\API\\MP...', 1)
#9 /var/www/html/wp-content/plugins/mailpoet/lib/DI/ContainerWrapper.php(39): MailPoetVendor\Symfony\Component\DependencyInjection\Container->get('MailPoet\\API\\MP...')
#10 /var/www/html/wp-content/plugins/mailpoet/lib/API/API.php(21): MailPoet\DI\ContainerWrapper->get('MailPoet\\API\\MP...')
#11 /var/www/html/wp-content/plugins/woocommerce/src/Admin/Marketing/InstalledExtensions.php(372): MailPoet\API\API::MP('v1')
#12 /var/www/html/wp-content/plugins/woocommerce/src/Admin/Marketing/InstalledExtensions.php(31): Automattic\WooCommerce\Admin\Marketing\InstalledExtensions::get_mailpoet_extension_data()
#13 /var/www/html/wp-content/plugins/woocommerce/src/Internal/Admin/Marketing.php(155): Automattic\WooCommerce\Admin\Marketing\InstalledExtensions::get_data()
#14 /var/www/html/wp-includes/class-wp-hook.php(324): Automattic\WooCommerce\Internal\Admin\Marketing->component_settings(Array)
#15 /var/www/html/wp-includes/plugin.php(205): WP_Hook->apply_filters(Array, Array)
#16 /var/www/html/wp-content/plugins/woocommerce/src/Internal/Admin/WCAdminSharedSettings.php(61): apply_filters('woocommerce_adm...', Array)
#17 /var/www/html/wp-content/plugins/woocommerce/src/Blocks/Assets/AssetDataRegistry.php(268): Automattic\WooCommerce\Internal\Admin\WCAdminSharedSettings->Automattic\WooCommerce\Internal\Admin\{closure}()
#18 /var/www/html/wp-content/plugins/woocommerce/src/Blocks/Assets/AssetDataRegistry.php(393): Automattic\WooCommerce\Blocks\Assets\AssetDataRegistry->execute_lazy_data()
#19 /var/www/html/wp-includes/class-wp-hook.php(324): Automattic\WooCommerce\Blocks\Assets\AssetDataRegistry->enqueue_asset_data('')
#20 /var/www/html/wp-includes/class-wp-hook.php(348): WP_Hook->apply_filters('', Array)
#21 /var/www/html/wp-includes/plugin.php(517): WP_Hook->do_action(Array)
#22 /var/www/html/wp-admin/admin-footer.php(95): do_action('admin_print_foo...')
#23 /var/www/html/wp-admin/admin.php(297): require_once('/var/www/html/w...')
#24 {main}
  thrown in /var/www/html/wp-content/plugins/mailpoet/lib/Doctrine/ConnectionFactory.php on line 85

2024-02-15T06:49:39+00:00 CRITICAL Uncaught Error: Undefined constant PDO::MYSQL_ATTR_INIT_COMMAND in /var/www/html/wp-content/plugins/mailpoet/lib/Doctrine/ConnectionFactory.php:85
Stack trace:
#0 /var/www/html/wp-content/plugins/mailpoet/lib/Doctrine/ConnectionFactory.php(45): MailPoet\Doctrine\ConnectionFactory->getDriverOptions('+00:00', 'utf8mb4', 'utf8mb4_unicode...')
#1 /var/www/html/wp-content/plugins/mailpoet/generated/FreeCachedContainer.php(620): MailPoet\Doctrine\ConnectionFactory->createConnection()
#2 /var/www/html/wp-content/plugins/mailpoet/generated/FreeCachedContainer.php(3190): MailPoetGenerated\FreeCachedContainer->getConnectionService()
#3 /var/www/html/wp-content/plugins/mailpoet/generated/FreeCachedContainer.php(630): MailPoetGenerated\FreeCachedContainer->getEntityManagerFactoryService()
#4 /var/www/html/wp-content/plugins/mailpoet/generated/FreeCachedContainer.php(3158): MailPoetGenerated\FreeCachedContainer->getEntityManagerService()
#5 /var/www/html/wp-content/plugins/mailpoet/generated/FreeCachedContainer.php(990): MailPoetGenerated\FreeCachedContainer->getCustomFieldsRepositoryService()
#6 /var/www/html/wp-content/plugins/mailpoet/generated/FreeCachedContainer.php(980): MailPoetGenerated\FreeCachedContainer->getCustomFields2Service()
#7 /var/www/html/wp-content/plugins/mailpoet/vendor-prefixed/symfony/dependency-injection/Container.php(122): MailPoetGenerated\FreeCachedContainer->getAPI2Service()
#8 /var/www/html/wp-content/plugins/mailpoet/vendor-prefixed/symfony/dependency-injection/Container.php(110): MailPoetVendor\Symfony\Component\DependencyInjection\Container->make('MailPoet\\API\\MP...', 1)
#9 /var/www/html/wp-content/plugins/mailpoet/lib/DI/ContainerWrapper.php(39): MailPoetVendor\Symfony\Component\DependencyInjection\Container->get('MailPoet\\API\\MP...')
#10 /var/www/html/wp-content/plugins/mailpoet/lib/API/API.php(21): MailPoet\DI\ContainerWrapper->get('MailPoet\\API\\MP...')
#11 /var/www/html/wp-content/plugins/woocommerce/src/Admin/Marketing/InstalledExtensions.php(372): MailPoet\API\API::MP('v1')
#12 /var/www/html/wp-content/plugins/woocommerce/src/Admin/Marketing/InstalledExtensions.php(31): Automattic\WooCommerce\Admin\Marketing\InstalledExtensions::get_mailpoet_extension_data()
#13 /var/www/html/wp-content/plugins/woocommerce/src/Internal/Admin/Marketing.php(155): Automattic\WooCommerce\Admin\Marketing\InstalledExtensions::get_data()
#14 /var/www/html/wp-includes/class-wp-hook.php(324): Automattic\WooCommerce\Internal\Admin\Marketing->component_settings(Array)
#15 /var/www/html/wp-includes/plugin.php(205): WP_Hook->apply_filters(Array, Array)
#16 /var/www/html/wp-content/plugins/woocommerce/src/Internal/Admin/WCAdminSharedSettings.php(61): apply_filters('woocommerce_adm...', Array)
#17 /var/www/html/wp-content/plugins/woocommerce/src/Blocks/Assets/AssetDataRegistry.php(268): Automattic\WooCommerce\Internal\Admin\WCAdminSharedSettings->Automattic\WooCommerce\Internal\Admin\{closure}()
#18 /var/www/html/wp-content/plugins/woocommerce/src/Blocks/Assets/AssetDataRegistry.php(393): Automattic\WooCommerce\Blocks\Assets\AssetDataRegistry->execute_lazy_data()
#19 /var/www/html/wp-includes/class-wp-hook.php(324): Automattic\WooCommerce\Blocks\Assets\AssetDataRegistry->enqueue_asset_data('')
#20 /var/www/html/wp-includes/class-wp-hook.php(348): WP_Hook->apply_filters('', Array)
#21 /var/www/html/wp-includes/plugin.php(517): WP_Hook->do_action(Array)
#22 /var/www/html/wp-admin/admin-footer.php(95): do_action('admin_print_foo...')
#23 /var/www/html/wp-admin/admin.php(297): require_once('/var/www/html/w...')
#24 {main}
  thrown in /var/www/html/wp-content/plugins/mailpoet/lib/Doctrine/ConnectionFactory.php on line 85

2024-02-15T06:49:46+00:00 CRITICAL Uncaught Error: Undefined constant PDO::MYSQL_ATTR_INIT_COMMAND in /var/www/html/wp-content/plugins/mailpoet/lib/Doctrine/ConnectionFactory.php:85
Stack trace:
#0 /var/www/html/wp-content/plugins/mailpoet/lib/Doctrine/ConnectionFactory.php(45): MailPoet\Doctrine\ConnectionFactory->getDriverOptions('+00:00', 'utf8mb4', 'utf8mb4_unicode...')
#1 /var/www/html/wp-content/plugins/mailpoet/generated/FreeCachedContainer.php(620): MailPoet\Doctrine\ConnectionFactory->createConnection()
#2 /var/www/html/wp-content/plugins/mailpoet/generated/FreeCachedContainer.php(3190): MailPoetGenerated\FreeCachedContainer->getConnectionService()
#3 /var/www/html/wp-content/plugins/mailpoet/generated/FreeCachedContainer.php(630): MailPoetGenerated\FreeCachedContainer->getEntityManagerFactoryService()
#4 /var/www/html/wp-content/plugins/mailpoet/generated/FreeCachedContainer.php(3158): MailPoetGenerated\FreeCachedContainer->getEntityManagerService()
#5 /var/www/html/wp-content/plugins/mailpoet/generated/FreeCachedContainer.php(990): MailPoetGenerated\FreeCachedContainer->getCustomFieldsRepositoryService()
#6 /var/www/html/wp-content/plugins/mailpoet/generated/FreeCachedContainer.php(980): MailPoetGenerated\FreeCachedContainer->getCustomFields2Service()
#7 /var/www/html/wp-content/plugins/mailpoet/vendor-prefixed/symfony/dependency-injection/Container.php(122): MailPoetGenerated\FreeCachedContainer->getAPI2Service()
#8 /var/www/html/wp-content/plugins/mailpoet/vendor-prefixed/symfony/dependency-injection/Container.php(110): MailPoetVendor\Symfony\Component\DependencyInjection\Container->make('MailPoet\\API\\MP...', 1)
#9 /var/www/html/wp-content/plugins/mailpoet/lib/DI/ContainerWrapper.php(39): MailPoetVendor\Symfony\Component\DependencyInjection\Container->get('MailPoet\\API\\MP...')
#10 /var/www/html/wp-content/plugins/mailpoet/lib/API/API.php(21): MailPoet\DI\ContainerWrapper->get('MailPoet\\API\\MP...')
#11 /var/www/html/wp-content/plugins/woocommerce/src/Admin/Marketing/InstalledExtensions.php(372): MailPoet\API\API::MP('v1')
#12 /var/www/html/wp-content/plugins/woocommerce/src/Admin/Marketing/InstalledExtensions.php(31): Automattic\WooCommerce\Admin\Marketing\InstalledExtensions::get_mailpoet_extension_data()
#13 /var/www/html/wp-content/plugins/woocommerce/src/Internal/Admin/Marketing.php(155): Automattic\WooCommerce\Admin\Marketing\InstalledExtensions::get_data()
#14 /var/www/html/wp-includes/class-wp-hook.php(324): Automattic\WooCommerce\Internal\Admin\Marketing->component_settings(Array)
#15 /var/www/html/wp-includes/plugin.php(205): WP_Hook->apply_filters(Array, Array)
#16 /var/www/html/wp-content/plugins/woocommerce/src/Internal/Admin/WCAdminSharedSettings.php(61): apply_filters('woocommerce_adm...', Array)
#17 /var/www/html/wp-content/plugins/woocommerce/src/Blocks/Assets/AssetDataRegistry.php(268): Automattic\WooCommerce\Internal\Admin\WCAdminSharedSettings->Automattic\WooCommerce\Internal\Admin\{closure}()
#18 /var/www/html/wp-content/plugins/woocommerce/src/Blocks/Assets/AssetDataRegistry.php(393): Automattic\WooCommerce\Blocks\Assets\AssetDataRegistry->execute_lazy_data()
#19 /var/www/html/wp-includes/class-wp-hook.php(324): Automattic\WooCommerce\Blocks\Assets\AssetDataRegistry->enqueue_asset_data('')
#20 /var/www/html/wp-includes/class-wp-hook.php(348): WP_Hook->apply_filters('', Array)
#21 /var/www/html/wp-includes/plugin.php(517): WP_Hook->do_action(Array)
#22 /var/www/html/wp-admin/admin-footer.php(95): do_action('admin_print_foo...')
#23 /var/www/html/wp-admin/admin.php(297): require_once('/var/www/html/w...')
#24 {main}
  thrown in /var/www/html/wp-content/plugins/mailpoet/lib/Doctrine/ConnectionFactory.php on line 85

2024-02-15T06:49:54+00:00 CRITICAL Uncaught Error: Undefined constant PDO::MYSQL_ATTR_INIT_COMMAND in /var/www/html/wp-content/plugins/mailpoet/lib/Doctrine/ConnectionFactory.php:85
Stack trace:
#0 /var/www/html/wp-content/plugins/mailpoet/lib/Doctrine/ConnectionFactory.php(45): MailPoet\Doctrine\ConnectionFactory->getDriverOptions('+00:00', 'utf8mb4', 'utf8mb4_unicode...')
#1 /var/www/html/wp-content/plugins/mailpoet/generated/FreeCachedContainer.php(620): MailPoet\Doctrine\ConnectionFactory->createConnection()
#2 /var/www/html/wp-content/plugins/mailpoet/generated/FreeCachedContainer.php(3190): MailPoetGenerated\FreeCachedContainer->getConnectionService()
#3 /var/www/html/wp-content/plugins/mailpoet/generated/FreeCachedContainer.php(630): MailPoetGenerated\FreeCachedContainer->getEntityManagerFactoryService()
#4 /var/www/html/wp-content/plugins/mailpoet/generated/FreeCachedContainer.php(3158): MailPoetGenerated\FreeCachedContainer->getEntityManagerService()
#5 /var/www/html/wp-content/plugins/mailpoet/generated/FreeCachedContainer.php(990): MailPoetGenerated\FreeCachedContainer->getCustomFieldsRepositoryService()
#6 /var/www/html/wp-content/plugins/mailpoet/generated/FreeCachedContainer.php(980): MailPoetGenerated\FreeCachedContainer->getCustomFields2Service()
#7 /var/www/html/wp-content/plugins/mailpoet/vendor-prefixed/symfony/dependency-injection/Container.php(122): MailPoetGenerated\FreeCachedContainer->getAPI2Service()
#8 /var/www/html/wp-content/plugins/mailpoet/vendor-prefixed/symfony/dependency-injection/Container.php(110): MailPoetVendor\Symfony\Component\DependencyInjection\Container->make('MailPoet\\API\\MP...', 1)
#9 /var/www/html/wp-content/plugins/mailpoet/lib/DI/ContainerWrapper.php(39): MailPoetVendor\Symfony\Component\DependencyInjection\Container->get('MailPoet\\API\\MP...')
#10 /var/www/html/wp-content/plugins/mailpoet/lib/API/API.php(21): MailPoet\DI\ContainerWrapper->get('MailPoet\\API\\MP...')
#11 /var/www/html/wp-content/plugins/woocommerce/src/Admin/Marketing/InstalledExtensions.php(372): MailPoet\API\API::MP('v1')
#12 /var/www/html/wp-content/plugins/woocommerce/src/Admin/Marketing/InstalledExtensions.php(31): Automattic\WooCommerce\Admin\Marketing\InstalledExtensions::get_mailpoet_extension_data()
#13 /var/www/html/wp-content/plugins/woocommerce/src/Internal/Admin/Marketing.php(155): Automattic\WooCommerce\Admin\Marketing\InstalledExtensions::get_data()
#14 /var/www/html/wp-includes/class-wp-hook.php(324): Automattic\WooCommerce\Internal\Admin\Marketing->component_settings(Array)
#15 /var/www/html/wp-includes/plugin.php(205): WP_Hook->apply_filters(Array, Array)
#16 /var/www/html/wp-content/plugins/woocommerce/src/Internal/Admin/WCAdminSharedSettings.php(61): apply_filters('woocommerce_adm...', Array)
#17 /var/www/html/wp-content/plugins/woocommerce/src/Blocks/Assets/AssetDataRegistry.php(268): Automattic\WooCommerce\Internal\Admin\WCAdminSharedSettings->Automattic\WooCommerce\Internal\Admin\{closure}()
#18 /var/www/html/wp-content/plugins/woocommerce/src/Blocks/Assets/AssetDataRegistry.php(393): Automattic\WooCommerce\Blocks\Assets\AssetDataRegistry->execute_lazy_data()
#19 /var/www/html/wp-includes/class-wp-hook.php(324): Automattic\WooCommerce\Blocks\Assets\AssetDataRegistry->enqueue_asset_data('')
#20 /var/www/html/wp-includes/class-wp-hook.php(348): WP_Hook->apply_filters('', Array)
#21 /var/www/html/wp-includes/plugin.php(517): WP_Hook->do_action(Array)
#22 /var/www/html/wp-admin/admin-footer.php(95): do_action('admin_print_foo...')
#23 /var/www/html/wp-admin/admin.php(297): require_once('/var/www/html/w...')
#24 {main}
  thrown in /var/www/html/wp-content/plugins/mailpoet/lib/Doctrine/ConnectionFactory.php on line 85

2024-02-15T06:49:56+00:00 CRITICAL Uncaught Error: Undefined constant PDO::MYSQL_ATTR_INIT_COMMAND in /var/www/html/wp-content/plugins/mailpoet/lib/Doctrine/ConnectionFactory.php:85
Stack trace:
#0 /var/www/html/wp-content/plugins/mailpoet/lib/Doctrine/ConnectionFactory.php(45): MailPoet\Doctrine\ConnectionFactory->getDriverOptions('+00:00', 'utf8mb4', 'utf8mb4_unicode...')
#1 /var/www/html/wp-content/plugins/mailpoet/generated/FreeCachedContainer.php(620): MailPoet\Doctrine\ConnectionFactory->createConnection()
#2 /var/www/html/wp-content/plugins/mailpoet/generated/FreeCachedContainer.php(3190): MailPoetGenerated\FreeCachedContainer->getConnectionService()
#3 /var/www/html/wp-content/plugins/mailpoet/generated/FreeCachedContainer.php(630): MailPoetGenerated\FreeCachedContainer->getEntityManagerFactoryService()
#4 /var/www/html/wp-content/plugins/mailpoet/generated/FreeCachedContainer.php(3158): MailPoetGenerated\FreeCachedContainer->getEntityManagerService()
#5 /var/www/html/wp-content/plugins/mailpoet/generated/FreeCachedContainer.php(990): MailPoetGenerated\FreeCachedContainer->getCustomFieldsRepositoryService()
#6 /var/www/html/wp-content/plugins/mailpoet/generated/FreeCachedContainer.php(980): MailPoetGenerated\FreeCachedContainer->getCustomFields2Service()
#7 /var/www/html/wp-content/plugins/mailpoet/vendor-prefixed/symfony/dependency-injection/Container.php(122): MailPoetGenerated\FreeCachedContainer->getAPI2Service()
#8 /var/www/html/wp-content/plugins/mailpoet/vendor-prefixed/symfony/dependency-injection/Container.php(110): MailPoetVendor\Symfony\Component\DependencyInjection\Container->make('MailPoet\\API\\MP...', 1)
#9 /var/www/html/wp-content/plugins/mailpoet/lib/DI/ContainerWrapper.php(39): MailPoetVendor\Symfony\Component\DependencyInjection\Container->get('MailPoet\\API\\MP...')
#10 /var/www/html/wp-content/plugins/mailpoet/lib/API/API.php(21): MailPoet\DI\ContainerWrapper->get('MailPoet\\API\\MP...')
#11 /var/www/html/wp-content/plugins/woocommerce/src/Admin/Marketing/InstalledExtensions.php(372): MailPoet\API\API::MP('v1')
#12 /var/www/html/wp-content/plugins/woocommerce/src/Admin/Marketing/InstalledExtensions.php(31): Automattic\WooCommerce\Admin\Marketing\InstalledExtensions::get_mailpoet_extension_data()
#13 /var/www/html/wp-content/plugins/woocommerce/src/Internal/Admin/Marketing.php(155): Automattic\WooCommerce\Admin\Marketing\InstalledExtensions::get_data()
#14 /var/www/html/wp-includes/class-wp-hook.php(324): Automattic\WooCommerce\Internal\Admin\Marketing->component_settings(Array)
#15 /var/www/html/wp-includes/plugin.php(205): WP_Hook->apply_filters(Array, Array)
#16 /var/www/html/wp-content/plugins/woocommerce/src/Internal/Admin/WCAdminSharedSettings.php(61): apply_filters('woocommerce_adm...', Array)
#17 /var/www/html/wp-content/plugins/woocommerce/src/Blocks/Assets/AssetDataRegistry.php(268): Automattic\WooCommerce\Internal\Admin\WCAdminSharedSettings->Automattic\WooCommerce\Internal\Admin\{closure}()
#18 /var/www/html/wp-content/plugins/woocommerce/src/Blocks/Assets/AssetDataRegistry.php(393): Automattic\WooCommerce\Blocks\Assets\AssetDataRegistry->execute_lazy_data()
#19 /var/www/html/wp-includes/class-wp-hook.php(324): Automattic\WooCommerce\Blocks\Assets\AssetDataRegistry->enqueue_asset_data('')
#20 /var/www/html/wp-includes/class-wp-hook.php(348): WP_Hook->apply_filters('', Array)
#21 /var/www/html/wp-includes/plugin.php(517): WP_Hook->do_action(Array)
#22 /var/www/html/wp-admin/admin-footer.php(95): do_action('admin_print_foo...')
#23 /var/www/html/wp-admin/admin.php(297): require_once('/var/www/html/w...')
#24 {main}
  thrown in /var/www/html/wp-content/plugins/mailpoet/lib/Doctrine/ConnectionFactory.php on line 85

2024-02-15T06:50:34+00:00 CRITICAL Uncaught Error: Undefined constant PDO::MYSQL_ATTR_INIT_COMMAND in /var/www/html/wp-content/plugins/mailpoet/lib/Doctrine/ConnectionFactory.php:85
Stack trace:
#0 /var/www/html/wp-content/plugins/mailpoet/lib/Doctrine/ConnectionFactory.php(45): MailPoet\Doctrine\ConnectionFactory->getDriverOptions('+00:00', 'utf8mb4', 'utf8mb4_unicode...')
#1 /var/www/html/wp-content/plugins/mailpoet/generated/FreeCachedContainer.php(620): MailPoet\Doctrine\ConnectionFactory->createConnection()
#2 /var/www/html/wp-content/plugins/mailpoet/generated/FreeCachedContainer.php(3190): MailPoetGenerated\FreeCachedContainer->getConnectionService()
#3 /var/www/html/wp-content/plugins/mailpoet/generated/FreeCachedContainer.php(630): MailPoetGenerated\FreeCachedContainer->getEntityManagerFactoryService()
#4 /var/www/html/wp-content/plugins/mailpoet/generated/FreeCachedContainer.php(3158): MailPoetGenerated\FreeCachedContainer->getEntityManagerService()
#5 /var/www/html/wp-content/plugins/mailpoet/generated/FreeCachedContainer.php(990): MailPoetGenerated\FreeCachedContainer->getCustomFieldsRepositoryService()
#6 /var/www/html/wp-content/plugins/mailpoet/generated/FreeCachedContainer.php(980): MailPoetGenerated\FreeCachedContainer->getCustomFields2Service()
#7 /var/www/html/wp-content/plugins/mailpoet/vendor-prefixed/symfony/dependency-injection/Container.php(122): MailPoetGenerated\FreeCachedContainer->getAPI2Service()
#8 /var/www/html/wp-content/plugins/mailpoet/vendor-prefixed/symfony/dependency-injection/Container.php(110): MailPoetVendor\Symfony\Component\DependencyInjection\Container->make('MailPoet\\API\\MP...', 1)
#9 /var/www/html/wp-content/plugins/mailpoet/lib/DI/ContainerWrapper.php(39): MailPoetVendor\Symfony\Component\DependencyInjection\Container->get('MailPoet\\API\\MP...')
#10 /var/www/html/wp-content/plugins/mailpoet/lib/API/API.php(21): MailPoet\DI\ContainerWrapper->get('MailPoet\\API\\MP...')
#11 /var/www/html/wp-content/plugins/woocommerce/src/Admin/Marketing/InstalledExtensions.php(372): MailPoet\API\API::MP('v1')
#12 /var/www/html/wp-content/plugins/woocommerce/src/Admin/Marketing/InstalledExtensions.php(31): Automattic\WooCommerce\Admin\Marketing\InstalledExtensions::get_mailpoet_extension_data()
#13 /var/www/html/wp-content/plugins/woocommerce/src/Internal/Admin/Marketing.php(155): Automattic\WooCommerce\Admin\Marketing\InstalledExtensions::get_data()
#14 /var/www/html/wp-includes/class-wp-hook.php(324): Automattic\WooCommerce\Internal\Admin\Marketing->component_settings(Array)
#15 /var/www/html/wp-includes/plugin.php(205): WP_Hook->apply_filters(Array, Array)
#16 /var/www/html/wp-content/plugins/woocommerce/src/Internal/Admin/WCAdminSharedSettings.php(61): apply_filters('woocommerce_adm...', Array)
#17 /var/www/html/wp-content/plugins/woocommerce/src/Blocks/Assets/AssetDataRegistry.php(268): Automattic\WooCommerce\Internal\Admin\WCAdminSharedSettings->Automattic\WooCommerce\Internal\Admin\{closure}()
#18 /var/www/html/wp-content/plugins/woocommerce/src/Blocks/Assets/AssetDataRegistry.php(393): Automattic\WooCommerce\Blocks\Assets\AssetDataRegistry->execute_lazy_data()
#19 /var/www/html/wp-includes/class-wp-hook.php(324): Automattic\WooCommerce\Blocks\Assets\AssetDataRegistry->enqueue_asset_data('')
#20 /var/www/html/wp-includes/class-wp-hook.php(348): WP_Hook->apply_filters('', Array)
#21 /var/www/html/wp-includes/plugin.php(517): WP_Hook->do_action(Array)
#22 /var/www/html/wp-admin/admin-footer.php(95): do_action('admin_print_foo...')
#23 /var/www/html/wp-admin/admin.php(297): require_once('/var/www/html/w...')
#24 {main}
  thrown in /var/www/html/wp-content/plugins/mailpoet/lib/Doctrine/ConnectionFactory.php on line 85

2024-02-15T06:53:04+00:00 CRITICAL Uncaught Error: Undefined constant PDO::MYSQL_ATTR_INIT_COMMAND in /var/www/html/wp-content/plugins/mailpoet/lib/Doctrine/ConnectionFactory.php:85
Stack trace:
#0 /var/www/html/wp-content/plugins/mailpoet/lib/Doctrine/ConnectionFactory.php(45): MailPoet\Doctrine\ConnectionFactory->getDriverOptions('+00:00', 'utf8mb4', 'utf8mb4_unicode...')
#1 /var/www/html/wp-content/plugins/mailpoet/generated/FreeCachedContainer.php(620): MailPoet\Doctrine\ConnectionFactory->createConnection()
#2 /var/www/html/wp-content/plugins/mailpoet/generated/FreeCachedContainer.php(3190): MailPoetGenerated\FreeCachedContainer->getConnectionService()
#3 /var/www/html/wp-content/plugins/mailpoet/generated/FreeCachedContainer.php(630): MailPoetGenerated\FreeCachedContainer->getEntityManagerFactoryService()
#4 /var/www/html/wp-content/plugins/mailpoet/generated/FreeCachedContainer.php(3158): MailPoetGenerated\FreeCachedContainer->getEntityManagerService()
#5 /var/www/html/wp-content/plugins/mailpoet/generated/FreeCachedContainer.php(990): MailPoetGenerated\FreeCachedContainer->getCustomFieldsRepositoryService()
#6 /var/www/html/wp-content/plugins/mailpoet/generated/FreeCachedContainer.php(980): MailPoetGenerated\FreeCachedContainer->getCustomFields2Service()
#7 /var/www/html/wp-content/plugins/mailpoet/vendor-prefixed/symfony/dependency-injection/Container.php(122): MailPoetGenerated\FreeCachedContainer->getAPI2Service()
#8 /var/www/html/wp-content/plugins/mailpoet/vendor-prefixed/symfony/dependency-injection/Container.php(110): MailPoetVendor\Symfony\Component\DependencyInjection\Container->make('MailPoet\\API\\MP...', 1)
#9 /var/www/html/wp-content/plugins/mailpoet/lib/DI/ContainerWrapper.php(39): MailPoetVendor\Symfony\Component\DependencyInjection\Container->get('MailPoet\\API\\MP...')
#10 /var/www/html/wp-content/plugins/mailpoet/lib/API/API.php(21): MailPoet\DI\ContainerWrapper->get('MailPoet\\API\\MP...')
#11 /var/www/html/wp-content/plugins/woocommerce/src/Admin/Marketing/InstalledExtensions.php(372): MailPoet\API\API::MP('v1')
#12 /var/www/html/wp-content/plugins/woocommerce/src/Admin/Marketing/InstalledExtensions.php(31): Automattic\WooCommerce\Admin\Marketing\InstalledExtensions::get_mailpoet_extension_data()
#13 /var/www/html/wp-content/plugins/woocommerce/src/Internal/Admin/Marketing.php(155): Automattic\WooCommerce\Admin\Marketing\InstalledExtensions::get_data()
#14 /var/www/html/wp-includes/class-wp-hook.php(324): Automattic\WooCommerce\Internal\Admin\Marketing->component_settings(Array)
#15 /var/www/html/wp-includes/plugin.php(205): WP_Hook->apply_filters(Array, Array)
#16 /var/www/html/wp-content/plugins/woocommerce/src/Internal/Admin/WCAdminSharedSettings.php(61): apply_filters('woocommerce_adm...', Array)
#17 /var/www/html/wp-content/plugins/woocommerce/src/Blocks/Assets/AssetDataRegistry.php(268): Automattic\WooCommerce\Internal\Admin\WCAdminSharedSettings->Automattic\WooCommerce\Internal\Admin\{closure}()
#18 /var/www/html/wp-content/plugins/woocommerce/src/Blocks/Assets/AssetDataRegistry.php(393): Automattic\WooCommerce\Blocks\Assets\AssetDataRegistry->execute_lazy_data()
#19 /var/www/html/wp-includes/class-wp-hook.php(324): Automattic\WooCommerce\Blocks\Assets\AssetDataRegistry->enqueue_asset_data('')
#20 /var/www/html/wp-includes/class-wp-hook.php(348): WP_Hook->apply_filters('', Array)
#21 /var/www/html/wp-includes/plugin.php(517): WP_Hook->do_action(Array)
#22 /var/www/html/wp-admin/admin-footer.php(95): do_action('admin_print_foo...')
#23 /var/www/html/wp-admin/admin.php(297): require_once('/var/www/html/w...')
#24 {main}
  thrown in /var/www/html/wp-content/plugins/mailpoet/lib/Doctrine/ConnectionFactory.php on line 85

2024-02-15T06:53:32+00:00 CRITICAL Uncaught Error: Undefined constant PDO::MYSQL_ATTR_INIT_COMMAND in /var/www/html/wp-content/plugins/mailpoet/lib/Doctrine/ConnectionFactory.php:85
Stack trace:
#0 /var/www/html/wp-content/plugins/mailpoet/lib/Doctrine/ConnectionFactory.php(45): MailPoet\Doctrine\ConnectionFactory->getDriverOptions('+00:00', 'utf8mb4', 'utf8mb4_unicode...')
#1 /var/www/html/wp-content/plugins/mailpoet/generated/FreeCachedContainer.php(620): MailPoet\Doctrine\ConnectionFactory->createConnection()
#2 /var/www/html/wp-content/plugins/mailpoet/generated/FreeCachedContainer.php(3190): MailPoetGenerated\FreeCachedContainer->getConnectionService()
#3 /var/www/html/wp-content/plugins/mailpoet/generated/FreeCachedContainer.php(630): MailPoetGenerated\FreeCachedContainer->getEntityManagerFactoryService()
#4 /var/www/html/wp-content/plugins/mailpoet/generated/FreeCachedContainer.php(3158): MailPoetGenerated\FreeCachedContainer->getEntityManagerService()
#5 /var/www/html/wp-content/plugins/mailpoet/generated/FreeCachedContainer.php(990): MailPoetGenerated\FreeCachedContainer->getCustomFieldsRepositoryService()
#6 /var/www/html/wp-content/plugins/mailpoet/generated/FreeCachedContainer.php(980): MailPoetGenerated\FreeCachedContainer->getCustomFields2Service()
#7 /var/www/html/wp-content/plugins/mailpoet/vendor-prefixed/symfony/dependency-injection/Container.php(122): MailPoetGenerated\FreeCachedContainer->getAPI2Service()
#8 /var/www/html/wp-content/plugins/mailpoet/vendor-prefixed/symfony/dependency-injection/Container.php(110): MailPoetVendor\Symfony\Component\DependencyInjection\Container->make('MailPoet\\API\\MP...', 1)
#9 /var/www/html/wp-content/plugins/mailpoet/lib/DI/ContainerWrapper.php(39): MailPoetVendor\Symfony\Component\DependencyInjection\Container->get('MailPoet\\API\\MP...')
#10 /var/www/html/wp-content/plugins/mailpoet/lib/API/API.php(21): MailPoet\DI\ContainerWrapper->get('MailPoet\\API\\MP...')
#11 /var/www/html/wp-content/plugins/woocommerce/src/Admin/Marketing/InstalledExtensions.php(372): MailPoet\API\API::MP('v1')
#12 /var/www/html/wp-content/plugins/woocommerce/src/Admin/Marketing/InstalledExtensions.php(31): Automattic\WooCommerce\Admin\Marketing\InstalledExtensions::get_mailpoet_extension_data()
#13 /var/www/html/wp-content/plugins/woocommerce/src/Internal/Admin/Marketing.php(155): Automattic\WooCommerce\Admin\Marketing\InstalledExtensions::get_data()
#14 /var/www/html/wp-includes/class-wp-hook.php(324): Automattic\WooCommerce\Internal\Admin\Marketing->component_settings(Array)
#15 /var/www/html/wp-includes/plugin.php(205): WP_Hook->apply_filters(Array, Array)
#16 /var/www/html/wp-content/plugins/woocommerce/src/Internal/Admin/WCAdminSharedSettings.php(61): apply_filters('woocommerce_adm...', Array)
#17 /var/www/html/wp-content/plugins/woocommerce/src/Blocks/Assets/AssetDataRegistry.php(268): Automattic\WooCommerce\Internal\Admin\WCAdminSharedSettings->Automattic\WooCommerce\Internal\Admin\{closure}()
#18 /var/www/html/wp-content/plugins/woocommerce/src/Blocks/Assets/AssetDataRegistry.php(393): Automattic\WooCommerce\Blocks\Assets\AssetDataRegistry->execute_lazy_data()
#19 /var/www/html/wp-includes/class-wp-hook.php(324): Automattic\WooCommerce\Blocks\Assets\AssetDataRegistry->enqueue_asset_data('')
#20 /var/www/html/wp-includes/class-wp-hook.php(348): WP_Hook->apply_filters('', Array)
#21 /var/www/html/wp-includes/plugin.php(517): WP_Hook->do_action(Array)
#22 /var/www/html/wp-admin/admin-footer.php(95): do_action('admin_print_foo...')
#23 /var/www/html/wp-admin/admin.php(297): require_once('/var/www/html/w...')
#24 {main}
  thrown in /var/www/html/wp-content/plugins/mailpoet/lib/Doctrine/ConnectionFactory.php on line 85

2024-02-15T06:53:55+00:00 CRITICAL Uncaught Error: Undefined constant PDO::MYSQL_ATTR_INIT_COMMAND in /var/www/html/wp-content/plugins/mailpoet/lib/Doctrine/ConnectionFactory.php:85
Stack trace:
#0 /var/www/html/wp-content/plugins/mailpoet/lib/Doctrine/ConnectionFactory.php(45): MailPoet\Doctrine\ConnectionFactory->getDriverOptions('+00:00', 'utf8mb4', 'utf8mb4_unicode...')
#1 /var/www/html/wp-content/plugins/mailpoet/generated/FreeCachedContainer.php(620): MailPoet\Doctrine\ConnectionFactory->createConnection()
#2 /var/www/html/wp-content/plugins/mailpoet/generated/FreeCachedContainer.php(3190): MailPoetGenerated\FreeCachedContainer->getConnectionService()
#3 /var/www/html/wp-content/plugins/mailpoet/generated/FreeCachedContainer.php(630): MailPoetGenerated\FreeCachedContainer->getEntityManagerFactoryService()
#4 /var/www/html/wp-content/plugins/mailpoet/generated/FreeCachedContainer.php(3158): MailPoetGenerated\FreeCachedContainer->getEntityManagerService()
#5 /var/www/html/wp-content/plugins/mailpoet/generated/FreeCachedContainer.php(990): MailPoetGenerated\FreeCachedContainer->getCustomFieldsRepositoryService()
#6 /var/www/html/wp-content/plugins/mailpoet/generated/FreeCachedContainer.php(980): MailPoetGenerated\FreeCachedContainer->getCustomFields2Service()
#7 /var/www/html/wp-content/plugins/mailpoet/vendor-prefixed/symfony/dependency-injection/Container.php(122): MailPoetGenerated\FreeCachedContainer->getAPI2Service()
#8 /var/www/html/wp-content/plugins/mailpoet/vendor-prefixed/symfony/dependency-injection/Container.php(110): MailPoetVendor\Symfony\Component\DependencyInjection\Container->make('MailPoet\\API\\MP...', 1)
#9 /var/www/html/wp-content/plugins/mailpoet/lib/DI/ContainerWrapper.php(39): MailPoetVendor\Symfony\Component\DependencyInjection\Container->get('MailPoet\\API\\MP...')
#10 /var/www/html/wp-content/plugins/mailpoet/lib/API/API.php(21): MailPoet\DI\ContainerWrapper->get('MailPoet\\API\\MP...')
#11 /var/www/html/wp-content/plugins/woocommerce/src/Admin/Marketing/InstalledExtensions.php(372): MailPoet\API\API::MP('v1')
#12 /var/www/html/wp-content/plugins/woocommerce/src/Admin/Marketing/InstalledExtensions.php(31): Automattic\WooCommerce\Admin\Marketing\InstalledExtensions::get_mailpoet_extension_data()
#13 /var/www/html/wp-content/plugins/woocommerce/src/Internal/Admin/Marketing.php(155): Automattic\WooCommerce\Admin\Marketing\InstalledExtensions::get_data()
#14 /var/www/html/wp-includes/class-wp-hook.php(324): Automattic\WooCommerce\Internal\Admin\Marketing->component_settings(Array)
#15 /var/www/html/wp-includes/plugin.php(205): WP_Hook->apply_filters(Array, Array)
#16 /var/www/html/wp-content/plugins/woocommerce/src/Internal/Admin/WCAdminSharedSettings.php(61): apply_filters('woocommerce_adm...', Array)
#17 /var/www/html/wp-content/plugins/woocommerce/src/Blocks/Assets/AssetDataRegistry.php(268): Automattic\WooCommerce\Internal\Admin\WCAdminSharedSettings->Automattic\WooCommerce\Internal\Admin\{closure}()
#18 /var/www/html/wp-content/plugins/woocommerce/src/Blocks/Assets/AssetDataRegistry.php(393): Automattic\WooCommerce\Blocks\Assets\AssetDataRegistry->execute_lazy_data()
#19 /var/www/html/wp-includes/class-wp-hook.php(324): Automattic\WooCommerce\Blocks\Assets\AssetDataRegistry->enqueue_asset_data('')
#20 /var/www/html/wp-includes/class-wp-hook.php(348): WP_Hook->apply_filters('', Array)
#21 /var/www/html/wp-includes/plugin.php(517): WP_Hook->do_action(Array)
#22 /var/www/html/wp-admin/admin-footer.php(95): do_action('admin_print_foo...')
#23 /var/www/html/wp-admin/admin.php(297): require_once('/var/www/html/w...')
#24 {main}
  thrown in /var/www/html/wp-content/plugins/mailpoet/lib/Doctrine/ConnectionFactory.php on line 85

2024-02-15T06:53:57+00:00 CRITICAL Uncaught Error: Undefined constant PDO::MYSQL_ATTR_INIT_COMMAND in /var/www/html/wp-content/plugins/mailpoet/lib/Doctrine/ConnectionFactory.php:85
Stack trace:
#0 /var/www/html/wp-content/plugins/mailpoet/lib/Doctrine/ConnectionFactory.php(45): MailPoet\Doctrine\ConnectionFactory->getDriverOptions('+00:00', 'utf8mb4', 'utf8mb4_unicode...')
#1 /var/www/html/wp-content/plugins/mailpoet/generated/FreeCachedContainer.php(620): MailPoet\Doctrine\ConnectionFactory->createConnection()
#2 /var/www/html/wp-content/plugins/mailpoet/generated/FreeCachedContainer.php(3190): MailPoetGenerated\FreeCachedContainer->getConnectionService()
#3 /var/www/html/wp-content/plugins/mailpoet/generated/FreeCachedContainer.php(630): MailPoetGenerated\FreeCachedContainer->getEntityManagerFactoryService()
#4 /var/www/html/wp-content/plugins/mailpoet/generated/FreeCachedContainer.php(3158): MailPoetGenerated\FreeCachedContainer->getEntityManagerService()
#5 /var/www/html/wp-content/plugins/mailpoet/generated/FreeCachedContainer.php(990): MailPoetGenerated\FreeCachedContainer->getCustomFieldsRepositoryService()
#6 /var/www/html/wp-content/plugins/mailpoet/generated/FreeCachedContainer.php(980): MailPoetGenerated\FreeCachedContainer->getCustomFields2Service()
#7 /var/www/html/wp-content/plugins/mailpoet/vendor-prefixed/symfony/dependency-injection/Container.php(122): MailPoetGenerated\FreeCachedContainer->getAPI2Service()
#8 /var/www/html/wp-content/plugins/mailpoet/vendor-prefixed/symfony/dependency-injection/Container.php(110): MailPoetVendor\Symfony\Component\DependencyInjection\Container->make('MailPoet\\API\\MP...', 1)
#9 /var/www/html/wp-content/plugins/mailpoet/lib/DI/ContainerWrapper.php(39): MailPoetVendor\Symfony\Component\DependencyInjection\Container->get('MailPoet\\API\\MP...')
#10 /var/www/html/wp-content/plugins/mailpoet/lib/API/API.php(21): MailPoet\DI\ContainerWrapper->get('MailPoet\\API\\MP...')
#11 /var/www/html/wp-content/plugins/woocommerce/src/Admin/Marketing/InstalledExtensions.php(372): MailPoet\API\API::MP('v1')
#12 /var/www/html/wp-content/plugins/woocommerce/src/Admin/Marketing/InstalledExtensions.php(31): Automattic\WooCommerce\Admin\Marketing\InstalledExtensions::get_mailpoet_extension_data()
#13 /var/www/html/wp-content/plugins/woocommerce/src/Internal/Admin/Marketing.php(155): Automattic\WooCommerce\Admin\Marketing\InstalledExtensions::get_data()
#14 /var/www/html/wp-includes/class-wp-hook.php(324): Automattic\WooCommerce\Internal\Admin\Marketing->component_settings(Array)
#15 /var/www/html/wp-includes/plugin.php(205): WP_Hook->apply_filters(Array, Array)
#16 /var/www/html/wp-content/plugins/woocommerce/src/Internal/Admin/WCAdminSharedSettings.php(61): apply_filters('woocommerce_adm...', Array)
#17 /var/www/html/wp-content/plugins/woocommerce/src/Blocks/Assets/AssetDataRegistry.php(268): Automattic\WooCommerce\Internal\Admin\WCAdminSharedSettings->Automattic\WooCommerce\Internal\Admin\{closure}()
#18 /var/www/html/wp-content/plugins/woocommerce/src/Blocks/Assets/AssetDataRegistry.php(393): Automattic\WooCommerce\Blocks\Assets\AssetDataRegistry->execute_lazy_data()
#19 /var/www/html/wp-includes/class-wp-hook.php(324): Automattic\WooCommerce\Blocks\Assets\AssetDataRegistry->enqueue_asset_data('')
#20 /var/www/html/wp-includes/class-wp-hook.php(348): WP_Hook->apply_filters('', Array)
#21 /var/www/html/wp-includes/plugin.php(517): WP_Hook->do_action(Array)
#22 /var/www/html/wp-admin/admin-footer.php(95): do_action('admin_print_foo...')
#23 /var/www/html/wp-admin/admin.php(297): require_once('/var/www/html/w...')
#24 {main}
  thrown in /var/www/html/wp-content/plugins/mailpoet/lib/Doctrine/ConnectionFactory.php on line 85

2024-02-15T06:53:59+00:00 CRITICAL Uncaught Error: Undefined constant PDO::MYSQL_ATTR_INIT_COMMAND in /var/www/html/wp-content/plugins/mailpoet/lib/Doctrine/ConnectionFactory.php:85
Stack trace:
#0 /var/www/html/wp-content/plugins/mailpoet/lib/Doctrine/ConnectionFactory.php(45): MailPoet\Doctrine\ConnectionFactory->getDriverOptions('+00:00', 'utf8mb4', 'utf8mb4_unicode...')
#1 /var/www/html/wp-content/plugins/mailpoet/generated/FreeCachedContainer.php(620): MailPoet\Doctrine\ConnectionFactory->createConnection()
#2 /var/www/html/wp-content/plugins/mailpoet/generated/FreeCachedContainer.php(3190): MailPoetGenerated\FreeCachedContainer->getConnectionService()
#3 /var/www/html/wp-content/plugins/mailpoet/generated/FreeCachedContainer.php(630): MailPoetGenerated\FreeCachedContainer->getEntityManagerFactoryService()
#4 /var/www/html/wp-content/plugins/mailpoet/generated/FreeCachedContainer.php(3158): MailPoetGenerated\FreeCachedContainer->getEntityManagerService()
#5 /var/www/html/wp-content/plugins/mailpoet/generated/FreeCachedContainer.php(990): MailPoetGenerated\FreeCachedContainer->getCustomFieldsRepositoryService()
#6 /var/www/html/wp-content/plugins/mailpoet/generated/FreeCachedContainer.php(980): MailPoetGenerated\FreeCachedContainer->getCustomFields2Service()
#7 /var/www/html/wp-content/plugins/mailpoet/vendor-prefixed/symfony/dependency-injection/Container.php(122): MailPoetGenerated\FreeCachedContainer->getAPI2Service()
#8 /var/www/html/wp-content/plugins/mailpoet/vendor-prefixed/symfony/dependency-injection/Container.php(110): MailPoetVendor\Symfony\Component\DependencyInjection\Container->make('MailPoet\\API\\MP...', 1)
#9 /var/www/html/wp-content/plugins/mailpoet/lib/DI/ContainerWrapper.php(39): MailPoetVendor\Symfony\Component\DependencyInjection\Container->get('MailPoet\\API\\MP...')
#10 /var/www/html/wp-content/plugins/mailpoet/lib/API/API.php(21): MailPoet\DI\ContainerWrapper->get('MailPoet\\API\\MP...')
#11 /var/www/html/wp-content/plugins/woocommerce/src/Admin/Marketing/InstalledExtensions.php(372): MailPoet\API\API::MP('v1')
#12 /var/www/html/wp-content/plugins/woocommerce/src/Admin/Marketing/InstalledExtensions.php(31): Automattic\WooCommerce\Admin\Marketing\InstalledExtensions::get_mailpoet_extension_data()
#13 /var/www/html/wp-content/plugins/woocommerce/src/Internal/Admin/Marketing.php(155): Automattic\WooCommerce\Admin\Marketing\InstalledExtensions::get_data()
#14 /var/www/html/wp-includes/class-wp-hook.php(324): Automattic\WooCommerce\Internal\Admin\Marketing->component_settings(Array)
#15 /var/www/html/wp-includes/plugin.php(205): WP_Hook->apply_filters(Array, Array)
#16 /var/www/html/wp-content/plugins/woocommerce/src/Internal/Admin/WCAdminSharedSettings.php(61): apply_filters('woocommerce_adm...', Array)
#17 /var/www/html/wp-content/plugins/woocommerce/src/Blocks/Assets/AssetDataRegistry.php(268): Automattic\WooCommerce\Internal\Admin\WCAdminSharedSettings->Automattic\WooCommerce\Internal\Admin\{closure}()
#18 /var/www/html/wp-content/plugins/woocommerce/src/Blocks/Assets/AssetDataRegistry.php(393): Automattic\WooCommerce\Blocks\Assets\AssetDataRegistry->execute_lazy_data()
#19 /var/www/html/wp-includes/class-wp-hook.php(324): Automattic\WooCommerce\Blocks\Assets\AssetDataRegistry->enqueue_asset_data('')
#20 /var/www/html/wp-includes/class-wp-hook.php(348): WP_Hook->apply_filters('', Array)
#21 /var/www/html/wp-includes/plugin.php(517): WP_Hook->do_action(Array)
#22 /var/www/html/wp-admin/admin-footer.php(95): do_action('admin_print_foo...')
#23 /var/www/html/wp-admin/admin.php(297): require_once('/var/www/html/w...')
#24 {main}
  thrown in /var/www/html/wp-content/plugins/mailpoet/lib/Doctrine/ConnectionFactory.php on line 85

2024-02-15T06:56:26+00:00 CRITICAL Uncaught Error: Undefined constant PDO::MYSQL_ATTR_INIT_COMMAND in /var/www/html/wp-content/plugins/mailpoet/lib/Doctrine/ConnectionFactory.php:85
Stack trace:
#0 /var/www/html/wp-content/plugins/mailpoet/lib/Doctrine/ConnectionFactory.php(45): MailPoet\Doctrine\ConnectionFactory->getDriverOptions('+00:00', 'utf8mb4', 'utf8mb4_unicode...')
#1 /var/www/html/wp-content/plugins/mailpoet/generated/FreeCachedContainer.php(620): MailPoet\Doctrine\ConnectionFactory->createConnection()
#2 /var/www/html/wp-content/plugins/mailpoet/generated/FreeCachedContainer.php(3190): MailPoetGenerated\FreeCachedContainer->getConnectionService()
#3 /var/www/html/wp-content/plugins/mailpoet/generated/FreeCachedContainer.php(630): MailPoetGenerated\FreeCachedContainer->getEntityManagerFactoryService()
#4 /var/www/html/wp-content/plugins/mailpoet/generated/FreeCachedContainer.php(3158): MailPoetGenerated\FreeCachedContainer->getEntityManagerService()
#5 /var/www/html/wp-content/plugins/mailpoet/generated/FreeCachedContainer.php(990): MailPoetGenerated\FreeCachedContainer->getCustomFieldsRepositoryService()
#6 /var/www/html/wp-content/plugins/mailpoet/generated/FreeCachedContainer.php(980): MailPoetGenerated\FreeCachedContainer->getCustomFields2Service()
#7 /var/www/html/wp-content/plugins/mailpoet/vendor-prefixed/symfony/dependency-injection/Container.php(122): MailPoetGenerated\FreeCachedContainer->getAPI2Service()
#8 /var/www/html/wp-content/plugins/mailpoet/vendor-prefixed/symfony/dependency-injection/Container.php(110): MailPoetVendor\Symfony\Component\DependencyInjection\Container->make('MailPoet\\API\\MP...', 1)
#9 /var/www/html/wp-content/plugins/mailpoet/lib/DI/ContainerWrapper.php(39): MailPoetVendor\Symfony\Component\DependencyInjection\Container->get('MailPoet\\API\\MP...')
#10 /var/www/html/wp-content/plugins/mailpoet/lib/API/API.php(21): MailPoet\DI\ContainerWrapper->get('MailPoet\\API\\MP...')
#11 /var/www/html/wp-content/plugins/woocommerce/src/Admin/Marketing/InstalledExtensions.php(372): MailPoet\API\API::MP('v1')
#12 /var/www/html/wp-content/plugins/woocommerce/src/Admin/Marketing/InstalledExtensions.php(31): Automattic\WooCommerce\Admin\Marketing\InstalledExtensions::get_mailpoet_extension_data()
#13 /var/www/html/wp-content/plugins/woocommerce/src/Internal/Admin/Marketing.php(155): Automattic\WooCommerce\Admin\Marketing\InstalledExtensions::get_data()
#14 /var/www/html/wp-includes/class-wp-hook.php(324): Automattic\WooCommerce\Internal\Admin\Marketing->component_settings(Array)
#15 /var/www/html/wp-includes/plugin.php(205): WP_Hook->apply_filters(Array, Array)
#16 /var/www/html/wp-content/plugins/woocommerce/src/Internal/Admin/WCAdminSharedSettings.php(61): apply_filters('woocommerce_adm...', Array)
#17 /var/www/html/wp-content/plugins/woocommerce/src/Blocks/Assets/AssetDataRegistry.php(268): Automattic\WooCommerce\Internal\Admin\WCAdminSharedSettings->Automattic\WooCommerce\Internal\Admin\{closure}()
#18 /var/www/html/wp-content/plugins/woocommerce/src/Blocks/Assets/AssetDataRegistry.php(393): Automattic\WooCommerce\Blocks\Assets\AssetDataRegistry->execute_lazy_data()
#19 /var/www/html/wp-includes/class-wp-hook.php(324): Automattic\WooCommerce\Blocks\Assets\AssetDataRegistry->enqueue_asset_data('')
#20 /var/www/html/wp-includes/class-wp-hook.php(348): WP_Hook->apply_filters('', Array)
#21 /var/www/html/wp-includes/plugin.php(517): WP_Hook->do_action(Array)
#22 /var/www/html/wp-admin/admin-footer.php(95): do_action('admin_print_foo...')
#23 /var/www/html/wp-admin/admin.php(297): require_once('/var/www/html/w...')
#24 {main}
  thrown in /var/www/html/wp-content/plugins/mailpoet/lib/Doctrine/ConnectionFactory.php on line 85

2024-02-15T06:58:29+00:00 CRITICAL Uncaught Error: Undefined constant PDO::MYSQL_ATTR_INIT_COMMAND in /var/www/html/wp-content/plugins/mailpoet/lib/Doctrine/ConnectionFactory.php:85
Stack trace:
#0 /var/www/html/wp-content/plugins/mailpoet/lib/Doctrine/ConnectionFactory.php(45): MailPoet\Doctrine\ConnectionFactory->getDriverOptions('+00:00', 'utf8mb4', 'utf8mb4_unicode...')
#1 /var/www/html/wp-content/plugins/mailpoet/generated/FreeCachedContainer.php(620): MailPoet\Doctrine\ConnectionFactory->createConnection()
#2 /var/www/html/wp-content/plugins/mailpoet/generated/FreeCachedContainer.php(3190): MailPoetGenerated\FreeCachedContainer->getConnectionService()
#3 /var/www/html/wp-content/plugins/mailpoet/generated/FreeCachedContainer.php(630): MailPoetGenerated\FreeCachedContainer->getEntityManagerFactoryService()
#4 /var/www/html/wp-content/plugins/mailpoet/generated/FreeCachedContainer.php(3158): MailPoetGenerated\FreeCachedContainer->getEntityManagerService()
#5 /var/www/html/wp-content/plugins/mailpoet/generated/FreeCachedContainer.php(990): MailPoetGenerated\FreeCachedContainer->getCustomFieldsRepositoryService()
#6 /var/www/html/wp-content/plugins/mailpoet/generated/FreeCachedContainer.php(980): MailPoetGenerated\FreeCachedContainer->getCustomFields2Service()
#7 /var/www/html/wp-content/plugins/mailpoet/vendor-prefixed/symfony/dependency-injection/Container.php(122): MailPoetGenerated\FreeCachedContainer->getAPI2Service()
#8 /var/www/html/wp-content/plugins/mailpoet/vendor-prefixed/symfony/dependency-injection/Container.php(110): MailPoetVendor\Symfony\Component\DependencyInjection\Container->make('MailPoet\\API\\MP...', 1)
#9 /var/www/html/wp-content/plugins/mailpoet/lib/DI/ContainerWrapper.php(39): MailPoetVendor\Symfony\Component\DependencyInjection\Container->get('MailPoet\\API\\MP...')
#10 /var/www/html/wp-content/plugins/mailpoet/lib/API/API.php(21): MailPoet\DI\ContainerWrapper->get('MailPoet\\API\\MP...')
#11 /var/www/html/wp-content/plugins/woocommerce/src/Admin/Marketing/InstalledExtensions.php(372): MailPoet\API\API::MP('v1')
#12 /var/www/html/wp-content/plugins/woocommerce/src/Admin/Marketing/InstalledExtensions.php(31): Automattic\WooCommerce\Admin\Marketing\InstalledExtensions::get_mailpoet_extension_data()
#13 /var/www/html/wp-content/plugins/woocommerce/src/Internal/Admin/Marketing.php(155): Automattic\WooCommerce\Admin\Marketing\InstalledExtensions::get_data()
#14 /var/www/html/wp-includes/class-wp-hook.php(324): Automattic\WooCommerce\Internal\Admin\Marketing->component_settings(Array)
#15 /var/www/html/wp-includes/plugin.php(205): WP_Hook->apply_filters(Array, Array)
#16 /var/www/html/wp-content/plugins/woocommerce/src/Internal/Admin/WCAdminSharedSettings.php(61): apply_filters('woocommerce_adm...', Array)
#17 /var/www/html/wp-content/plugins/woocommerce/src/Blocks/Assets/AssetDataRegistry.php(268): Automattic\WooCommerce\Internal\Admin\WCAdminSharedSettings->Automattic\WooCommerce\Internal\Admin\{closure}()
#18 /var/www/html/wp-content/plugins/woocommerce/src/Blocks/Assets/AssetDataRegistry.php(393): Automattic\WooCommerce\Blocks\Assets\AssetDataRegistry->execute_lazy_data()
#19 /var/www/html/wp-includes/class-wp-hook.php(324): Automattic\WooCommerce\Blocks\Assets\AssetDataRegistry->enqueue_asset_data('')
#20 /var/www/html/wp-includes/class-wp-hook.php(348): WP_Hook->apply_filters('', Array)
#21 /var/www/html/wp-includes/plugin.php(517): WP_Hook->do_action(Array)
#22 /var/www/html/wp-admin/admin-footer.php(95): do_action('admin_print_foo...')
#23 /var/www/html/wp-admin/admin.php(297): require_once('/var/www/html/w...')
#24 {main}
  thrown in /var/www/html/wp-content/plugins/mailpoet/lib/Doctrine/ConnectionFactory.php on line 85

2024-02-15T06:58:51+00:00 CRITICAL Uncaught Error: Undefined constant PDO::MYSQL_ATTR_INIT_COMMAND in /var/www/html/wp-content/plugins/mailpoet/lib/Doctrine/ConnectionFactory.php:85
Stack trace:
#0 /var/www/html/wp-content/plugins/mailpoet/lib/Doctrine/ConnectionFactory.php(45): MailPoet\Doctrine\ConnectionFactory->getDriverOptions('+00:00', 'utf8mb4', 'utf8mb4_unicode...')
#1 /var/www/html/wp-content/plugins/mailpoet/generated/FreeCachedContainer.php(620): MailPoet\Doctrine\ConnectionFactory->createConnection()
#2 /var/www/html/wp-content/plugins/mailpoet/generated/FreeCachedContainer.php(3190): MailPoetGenerated\FreeCachedContainer->getConnectionService()
#3 /var/www/html/wp-content/plugins/mailpoet/generated/FreeCachedContainer.php(630): MailPoetGenerated\FreeCachedContainer->getEntityManagerFactoryService()
#4 /var/www/html/wp-content/plugins/mailpoet/generated/FreeCachedContainer.php(3158): MailPoetGenerated\FreeCachedContainer->getEntityManagerService()
#5 /var/www/html/wp-content/plugins/mailpoet/generated/FreeCachedContainer.php(990): MailPoetGenerated\FreeCachedContainer->getCustomFieldsRepositoryService()
#6 /var/www/html/wp-content/plugins/mailpoet/generated/FreeCachedContainer.php(980): MailPoetGenerated\FreeCachedContainer->getCustomFields2Service()
#7 /var/www/html/wp-content/plugins/mailpoet/vendor-prefixed/symfony/dependency-injection/Container.php(122): MailPoetGenerated\FreeCachedContainer->getAPI2Service()
#8 /var/www/html/wp-content/plugins/mailpoet/vendor-prefixed/symfony/dependency-injection/Container.php(110): MailPoetVendor\Symfony\Component\DependencyInjection\Container->make('MailPoet\\API\\MP...', 1)
#9 /var/www/html/wp-content/plugins/mailpoet/lib/DI/ContainerWrapper.php(39): MailPoetVendor\Symfony\Component\DependencyInjection\Container->get('MailPoet\\API\\MP...')
#10 /var/www/html/wp-content/plugins/mailpoet/lib/API/API.php(21): MailPoet\DI\ContainerWrapper->get('MailPoet\\API\\MP...')
#11 /var/www/html/wp-content/plugins/woocommerce/src/Admin/Marketing/InstalledExtensions.php(372): MailPoet\API\API::MP('v1')
#12 /var/www/html/wp-content/plugins/woocommerce/src/Admin/Marketing/InstalledExtensions.php(31): Automattic\WooCommerce\Admin\Marketing\InstalledExtensions::get_mailpoet_extension_data()
#13 /var/www/html/wp-content/plugins/woocommerce/src/Internal/Admin/Marketing.php(155): Automattic\WooCommerce\Admin\Marketing\InstalledExtensions::get_data()
#14 /var/www/html/wp-includes/class-wp-hook.php(324): Automattic\WooCommerce\Internal\Admin\Marketing->component_settings(Array)
#15 /var/www/html/wp-includes/plugin.php(205): WP_Hook->apply_filters(Array, Array)
#16 /var/www/html/wp-content/plugins/woocommerce/src/Internal/Admin/WCAdminSharedSettings.php(61): apply_filters('woocommerce_adm...', Array)
#17 /var/www/html/wp-content/plugins/woocommerce/src/Blocks/Assets/AssetDataRegistry.php(268): Automattic\WooCommerce\Internal\Admin\WCAdminSharedSettings->Automattic\WooCommerce\Internal\Admin\{closure}()
#18 /var/www/html/wp-content/plugins/woocommerce/src/Blocks/Assets/AssetDataRegistry.php(393): Automattic\WooCommerce\Blocks\Assets\AssetDataRegistry->execute_lazy_data()
#19 /var/www/html/wp-includes/class-wp-hook.php(324): Automattic\WooCommerce\Blocks\Assets\AssetDataRegistry->enqueue_asset_data('')
#20 /var/www/html/wp-includes/class-wp-hook.php(348): WP_Hook->apply_filters('', Array)
#21 /var/www/html/wp-includes/plugin.php(517): WP_Hook->do_action(Array)
#22 /var/www/html/wp-admin/admin-footer.php(95): do_action('admin_print_foo...')
#23 /var/www/html/wp-admin/admin.php(297): require_once('/var/www/html/w...')
#24 {main}
  thrown in /var/www/html/wp-content/plugins/mailpoet/lib/Doctrine/ConnectionFactory.php on line 85

2024-02-15T06:59:56+00:00 CRITICAL Uncaught Error: Undefined constant PDO::MYSQL_ATTR_INIT_COMMAND in /var/www/html/wp-content/plugins/mailpoet/lib/Doctrine/ConnectionFactory.php:85
Stack trace:
#0 /var/www/html/wp-content/plugins/mailpoet/lib/Doctrine/ConnectionFactory.php(45): MailPoet\Doctrine\ConnectionFactory->getDriverOptions('+00:00', 'utf8mb4', 'utf8mb4_unicode...')
#1 /var/www/html/wp-content/plugins/mailpoet/generated/FreeCachedContainer.php(620): MailPoet\Doctrine\ConnectionFactory->createConnection()
#2 /var/www/html/wp-content/plugins/mailpoet/generated/FreeCachedContainer.php(3190): MailPoetGenerated\FreeCachedContainer->getConnectionService()
#3 /var/www/html/wp-content/plugins/mailpoet/generated/FreeCachedContainer.php(630): MailPoetGenerated\FreeCachedContainer->getEntityManagerFactoryService()
#4 /var/www/html/wp-content/plugins/mailpoet/generated/FreeCachedContainer.php(3158): MailPoetGenerated\FreeCachedContainer->getEntityManagerService()
#5 /var/www/html/wp-content/plugins/mailpoet/generated/FreeCachedContainer.php(990): MailPoetGenerated\FreeCachedContainer->getCustomFieldsRepositoryService()
#6 /var/www/html/wp-content/plugins/mailpoet/generated/FreeCachedContainer.php(980): MailPoetGenerated\FreeCachedContainer->getCustomFields2Service()
#7 /var/www/html/wp-content/plugins/mailpoet/vendor-prefixed/symfony/dependency-injection/Container.php(122): MailPoetGenerated\FreeCachedContainer->getAPI2Service()
#8 /var/www/html/wp-content/plugins/mailpoet/vendor-prefixed/symfony/dependency-injection/Container.php(110): MailPoetVendor\Symfony\Component\DependencyInjection\Container->make('MailPoet\\API\\MP...', 1)
#9 /var/www/html/wp-content/plugins/mailpoet/lib/DI/ContainerWrapper.php(39): MailPoetVendor\Symfony\Component\DependencyInjection\Container->get('MailPoet\\API\\MP...')
#10 /var/www/html/wp-content/plugins/mailpoet/lib/API/API.php(21): MailPoet\DI\ContainerWrapper->get('MailPoet\\API\\MP...')
#11 /var/www/html/wp-content/plugins/woocommerce/src/Admin/Marketing/InstalledExtensions.php(372): MailPoet\API\API::MP('v1')
#12 /var/www/html/wp-content/plugins/woocommerce/src/Admin/Marketing/InstalledExtensions.php(31): Automattic\WooCommerce\Admin\Marketing\InstalledExtensions::get_mailpoet_extension_data()
#13 /var/www/html/wp-content/plugins/woocommerce/src/Internal/Admin/Marketing.php(155): Automattic\WooCommerce\Admin\Marketing\InstalledExtensions::get_data()
#14 /var/www/html/wp-includes/class-wp-hook.php(324): Automattic\WooCommerce\Internal\Admin\Marketing->component_settings(Array)
#15 /var/www/html/wp-includes/plugin.php(205): WP_Hook->apply_filters(Array, Array)
#16 /var/www/html/wp-content/plugins/woocommerce/src/Internal/Admin/WCAdminSharedSettings.php(61): apply_filters('woocommerce_adm...', Array)
#17 /var/www/html/wp-content/plugins/woocommerce/src/Blocks/Assets/AssetDataRegistry.php(268): Automattic\WooCommerce\Internal\Admin\WCAdminSharedSettings->Automattic\WooCommerce\Internal\Admin\{closure}()
#18 /var/www/html/wp-content/plugins/woocommerce/src/Blocks/Assets/AssetDataRegistry.php(393): Automattic\WooCommerce\Blocks\Assets\AssetDataRegistry->execute_lazy_data()
#19 /var/www/html/wp-includes/class-wp-hook.php(324): Automattic\WooCommerce\Blocks\Assets\AssetDataRegistry->enqueue_asset_data('')
#20 /var/www/html/wp-includes/class-wp-hook.php(348): WP_Hook->apply_filters('', Array)
#21 /var/www/html/wp-includes/plugin.php(517): WP_Hook->do_action(Array)
#22 /var/www/html/wp-admin/admin-footer.php(95): do_action('admin_print_foo...')
#23 /var/www/html/wp-admin/admin.php(297): require_once('/var/www/html/w...')
#24 {main}
  thrown in /var/www/html/wp-content/plugins/mailpoet/lib/Doctrine/ConnectionFactory.php on line 85

2024-02-15T07:01:39+00:00 CRITICAL Uncaught Error: Undefined constant PDO::MYSQL_ATTR_INIT_COMMAND in /var/www/html/wp-content/plugins/mailpoet/lib/Doctrine/ConnectionFactory.php:85
Stack trace:
#0 /var/www/html/wp-content/plugins/mailpoet/lib/Doctrine/ConnectionFactory.php(45): MailPoet\Doctrine\ConnectionFactory->getDriverOptions('+00:00', 'utf8mb4', 'utf8mb4_unicode...')
#1 /var/www/html/wp-content/plugins/mailpoet/generated/FreeCachedContainer.php(620): MailPoet\Doctrine\ConnectionFactory->createConnection()
#2 /var/www/html/wp-content/plugins/mailpoet/generated/FreeCachedContainer.php(3190): MailPoetGenerated\FreeCachedContainer->getConnectionService()
#3 /var/www/html/wp-content/plugins/mailpoet/generated/FreeCachedContainer.php(630): MailPoetGenerated\FreeCachedContainer->getEntityManagerFactoryService()
#4 /var/www/html/wp-content/plugins/mailpoet/generated/FreeCachedContainer.php(3158): MailPoetGenerated\FreeCachedContainer->getEntityManagerService()
#5 /var/www/html/wp-content/plugins/mailpoet/generated/FreeCachedContainer.php(990): MailPoetGenerated\FreeCachedContainer->getCustomFieldsRepositoryService()
#6 /var/www/html/wp-content/plugins/mailpoet/generated/FreeCachedContainer.php(980): MailPoetGenerated\FreeCachedContainer->getCustomFields2Service()
#7 /var/www/html/wp-content/plugins/mailpoet/vendor-prefixed/symfony/dependency-injection/Container.php(122): MailPoetGenerated\FreeCachedContainer->getAPI2Service()
#8 /var/www/html/wp-content/plugins/mailpoet/vendor-prefixed/symfony/dependency-injection/Container.php(110): MailPoetVendor\Symfony\Component\DependencyInjection\Container->make('MailPoet\\API\\MP...', 1)
#9 /var/www/html/wp-content/plugins/mailpoet/lib/DI/ContainerWrapper.php(39): MailPoetVendor\Symfony\Component\DependencyInjection\Container->get('MailPoet\\API\\MP...')
#10 /var/www/html/wp-content/plugins/mailpoet/lib/API/API.php(21): MailPoet\DI\ContainerWrapper->get('MailPoet\\API\\MP...')
#11 /var/www/html/wp-content/plugins/woocommerce/src/Admin/Marketing/InstalledExtensions.php(372): MailPoet\API\API::MP('v1')
#12 /var/www/html/wp-content/plugins/woocommerce/src/Admin/Marketing/InstalledExtensions.php(31): Automattic\WooCommerce\Admin\Marketing\InstalledExtensions::get_mailpoet_extension_data()
#13 /var/www/html/wp-content/plugins/woocommerce/src/Internal/Admin/Marketing.php(155): Automattic\WooCommerce\Admin\Marketing\InstalledExtensions::get_data()
#14 /var/www/html/wp-includes/class-wp-hook.php(324): Automattic\WooCommerce\Internal\Admin\Marketing->component_settings(Array)
#15 /var/www/html/wp-includes/plugin.php(205): WP_Hook->apply_filters(Array, Array)
#16 /var/www/html/wp-content/plugins/woocommerce/src/Internal/Admin/WCAdminSharedSettings.php(61): apply_filters('woocommerce_adm...', Array)
#17 /var/www/html/wp-content/plugins/woocommerce/src/Blocks/Assets/AssetDataRegistry.php(268): Automattic\WooCommerce\Internal\Admin\WCAdminSharedSettings->Automattic\WooCommerce\Internal\Admin\{closure}()
#18 /var/www/html/wp-content/plugins/woocommerce/src/Blocks/Assets/AssetDataRegistry.php(393): Automattic\WooCommerce\Blocks\Assets\AssetDataRegistry->execute_lazy_data()
#19 /var/www/html/wp-includes/class-wp-hook.php(324): Automattic\WooCommerce\Blocks\Assets\AssetDataRegistry->enqueue_asset_data('')
#20 /var/www/html/wp-includes/class-wp-hook.php(348): WP_Hook->apply_filters('', Array)
#21 /var/www/html/wp-includes/plugin.php(517): WP_Hook->do_action(Array)
#22 /var/www/html/wp-admin/admin-footer.php(95): do_action('admin_print_foo...')
#23 /var/www/html/wp-admin/admin.php(297): require_once('/var/www/html/w...')
#24 {main}
  thrown in /var/www/html/wp-content/plugins/mailpoet/lib/Doctrine/ConnectionFactory.php on line 85

2024-02-15T07:25:57+00:00 CRITICAL Uncaught Error: Undefined constant PDO::MYSQL_ATTR_INIT_COMMAND in /var/www/html/wp-content/plugins/mailpoet/lib/Doctrine/ConnectionFactory.php:85
Stack trace:
#0 /var/www/html/wp-content/plugins/mailpoet/lib/Doctrine/ConnectionFactory.php(45): MailPoet\Doctrine\ConnectionFactory->getDriverOptions('+07:00', 'utf8mb4', 'utf8mb4_unicode...')
#1 /var/www/html/wp-content/plugins/mailpoet/generated/FreeCachedContainer.php(620): MailPoet\Doctrine\ConnectionFactory->createConnection()
#2 /var/www/html/wp-content/plugins/mailpoet/generated/FreeCachedContainer.php(3190): MailPoetGenerated\FreeCachedContainer->getConnectionService()
#3 /var/www/html/wp-content/plugins/mailpoet/generated/FreeCachedContainer.php(630): MailPoetGenerated\FreeCachedContainer->getEntityManagerFactoryService()
#4 /var/www/html/wp-content/plugins/mailpoet/generated/FreeCachedContainer.php(3158): MailPoetGenerated\FreeCachedContainer->getEntityManagerService()
#5 /var/www/html/wp-content/plugins/mailpoet/generated/FreeCachedContainer.php(990): MailPoetGenerated\FreeCachedContainer->getCustomFieldsRepositoryService()
#6 /var/www/html/wp-content/plugins/mailpoet/generated/FreeCachedContainer.php(980): MailPoetGenerated\FreeCachedContainer->getCustomFields2Service()
#7 /var/www/html/wp-content/plugins/mailpoet/vendor-prefixed/symfony/dependency-injection/Container.php(122): MailPoetGenerated\FreeCachedContainer->getAPI2Service()
#8 /var/www/html/wp-content/plugins/mailpoet/vendor-prefixed/symfony/dependency-injection/Container.php(110): MailPoetVendor\Symfony\Component\DependencyInjection\Container->make('MailPoet\\API\\MP...', 1)
#9 /var/www/html/wp-content/plugins/mailpoet/lib/DI/ContainerWrapper.php(39): MailPoetVendor\Symfony\Component\DependencyInjection\Container->get('MailPoet\\API\\MP...')
#10 /var/www/html/wp-content/plugins/mailpoet/lib/API/API.php(21): MailPoet\DI\ContainerWrapper->get('MailPoet\\API\\MP...')
#11 /var/www/html/wp-content/plugins/woocommerce/src/Admin/Marketing/InstalledExtensions.php(372): MailPoet\API\API::MP('v1')
#12 /var/www/html/wp-content/plugins/woocommerce/src/Admin/Marketing/InstalledExtensions.php(31): Automattic\WooCommerce\Admin\Marketing\InstalledExtensions::get_mailpoet_extension_data()
#13 /var/www/html/wp-content/plugins/woocommerce/src/Internal/Admin/Marketing.php(155): Automattic\WooCommerce\Admin\Marketing\InstalledExtensions::get_data()
#14 /var/www/html/wp-includes/class-wp-hook.php(324): Automattic\WooCommerce\Internal\Admin\Marketing->component_settings(Array)
#15 /var/www/html/wp-includes/plugin.php(205): WP_Hook->apply_filters(Array, Array)
#16 /var/www/html/wp-content/plugins/woocommerce/src/Internal/Admin/WCAdminSharedSettings.php(61): apply_filters('woocommerce_adm...', Array)
#17 /var/www/html/wp-content/plugins/woocommerce/src/Blocks/Assets/AssetDataRegistry.php(268): Automattic\WooCommerce\Internal\Admin\WCAdminSharedSettings->Automattic\WooCommerce\Internal\Admin\{closure}()
#18 /var/www/html/wp-content/plugins/woocommerce/src/Blocks/Assets/AssetDataRegistry.php(393): Automattic\WooCommerce\Blocks\Assets\AssetDataRegistry->execute_lazy_data()
#19 /var/www/html/wp-includes/class-wp-hook.php(324): Automattic\WooCommerce\Blocks\Assets\AssetDataRegistry->enqueue_asset_data('')
#20 /var/www/html/wp-includes/class-wp-hook.php(348): WP_Hook->apply_filters('', Array)
#21 /var/www/html/wp-includes/plugin.php(517): WP_Hook->do_action(Array)
#22 /var/www/html/wp-admin/admin-footer.php(95): do_action('admin_print_foo...')
#23 /var/www/html/wp-admin/admin.php(297): require_once('/var/www/html/w...')
#24 {main}
  thrown in /var/www/html/wp-content/plugins/mailpoet/lib/Doctrine/ConnectionFactory.php on line 85

2024-02-15T07:26:05+00:00 CRITICAL Uncaught Error: Undefined constant PDO::MYSQL_ATTR_INIT_COMMAND in /var/www/html/wp-content/plugins/mailpoet/lib/Doctrine/ConnectionFactory.php:85
Stack trace:
#0 /var/www/html/wp-content/plugins/mailpoet/lib/Doctrine/ConnectionFactory.php(45): MailPoet\Doctrine\ConnectionFactory->getDriverOptions('+07:00', 'utf8mb4', 'utf8mb4_unicode...')
#1 /var/www/html/wp-content/plugins/mailpoet/generated/FreeCachedContainer.php(620): MailPoet\Doctrine\ConnectionFactory->createConnection()
#2 /var/www/html/wp-content/plugins/mailpoet/generated/FreeCachedContainer.php(3190): MailPoetGenerated\FreeCachedContainer->getConnectionService()
#3 /var/www/html/wp-content/plugins/mailpoet/generated/FreeCachedContainer.php(630): MailPoetGenerated\FreeCachedContainer->getEntityManagerFactoryService()
#4 /var/www/html/wp-content/plugins/mailpoet/generated/FreeCachedContainer.php(3158): MailPoetGenerated\FreeCachedContainer->getEntityManagerService()
#5 /var/www/html/wp-content/plugins/mailpoet/generated/FreeCachedContainer.php(990): MailPoetGenerated\FreeCachedContainer->getCustomFieldsRepositoryService()
#6 /var/www/html/wp-content/plugins/mailpoet/generated/FreeCachedContainer.php(980): MailPoetGenerated\FreeCachedContainer->getCustomFields2Service()
#7 /var/www/html/wp-content/plugins/mailpoet/vendor-prefixed/symfony/dependency-injection/Container.php(122): MailPoetGenerated\FreeCachedContainer->getAPI2Service()
#8 /var/www/html/wp-content/plugins/mailpoet/vendor-prefixed/symfony/dependency-injection/Container.php(110): MailPoetVendor\Symfony\Component\DependencyInjection\Container->make('MailPoet\\API\\MP...', 1)
#9 /var/www/html/wp-content/plugins/mailpoet/lib/DI/ContainerWrapper.php(39): MailPoetVendor\Symfony\Component\DependencyInjection\Container->get('MailPoet\\API\\MP...')
#10 /var/www/html/wp-content/plugins/mailpoet/lib/API/API.php(21): MailPoet\DI\ContainerWrapper->get('MailPoet\\API\\MP...')
#11 /var/www/html/wp-content/plugins/woocommerce/src/Admin/Marketing/InstalledExtensions.php(372): MailPoet\API\API::MP('v1')
#12 /var/www/html/wp-content/plugins/woocommerce/src/Admin/Marketing/InstalledExtensions.php(31): Automattic\WooCommerce\Admin\Marketing\InstalledExtensions::get_mailpoet_extension_data()
#13 /var/www/html/wp-content/plugins/woocommerce/src/Internal/Admin/Marketing.php(155): Automattic\WooCommerce\Admin\Marketing\InstalledExtensions::get_data()
#14 /var/www/html/wp-includes/class-wp-hook.php(324): Automattic\WooCommerce\Internal\Admin\Marketing->component_settings(Array)
#15 /var/www/html/wp-includes/plugin.php(205): WP_Hook->apply_filters(Array, Array)
#16 /var/www/html/wp-content/plugins/woocommerce/src/Internal/Admin/WCAdminSharedSettings.php(61): apply_filters('woocommerce_adm...', Array)
#17 /var/www/html/wp-content/plugins/woocommerce/src/Blocks/Assets/AssetDataRegistry.php(268): Automattic\WooCommerce\Internal\Admin\WCAdminSharedSettings->Automattic\WooCommerce\Internal\Admin\{closure}()
#18 /var/www/html/wp-content/plugins/woocommerce/src/Blocks/Assets/AssetDataRegistry.php(393): Automattic\WooCommerce\Blocks\Assets\AssetDataRegistry->execute_lazy_data()
#19 /var/www/html/wp-includes/class-wp-hook.php(324): Automattic\WooCommerce\Blocks\Assets\AssetDataRegistry->enqueue_asset_data('')
#20 /var/www/html/wp-includes/class-wp-hook.php(348): WP_Hook->apply_filters('', Array)
#21 /var/www/html/wp-includes/plugin.php(517): WP_Hook->do_action(Array)
#22 /var/www/html/wp-admin/admin-footer.php(95): do_action('admin_print_foo...')
#23 /var/www/html/wp-admin/admin.php(297): require_once('/var/www/html/w...')
#24 {main}
  thrown in /var/www/html/wp-content/plugins/mailpoet/lib/Doctrine/ConnectionFactory.php on line 85

2024-02-15T07:27:03+00:00 CRITICAL Uncaught Error: Undefined constant PDO::MYSQL_ATTR_INIT_COMMAND in /var/www/html/wp-content/plugins/mailpoet/lib/Doctrine/ConnectionFactory.php:85
Stack trace:
#0 /var/www/html/wp-content/plugins/mailpoet/lib/Doctrine/ConnectionFactory.php(45): MailPoet\Doctrine\ConnectionFactory->getDriverOptions('+07:00', 'utf8mb4', 'utf8mb4_unicode...')
#1 /var/www/html/wp-content/plugins/mailpoet/generated/FreeCachedContainer.php(620): MailPoet\Doctrine\ConnectionFactory->createConnection()
#2 /var/www/html/wp-content/plugins/mailpoet/generated/FreeCachedContainer.php(3190): MailPoetGenerated\FreeCachedContainer->getConnectionService()
#3 /var/www/html/wp-content/plugins/mailpoet/generated/FreeCachedContainer.php(630): MailPoetGenerated\FreeCachedContainer->getEntityManagerFactoryService()
#4 /var/www/html/wp-content/plugins/mailpoet/generated/FreeCachedContainer.php(3158): MailPoetGenerated\FreeCachedContainer->getEntityManagerService()
#5 /var/www/html/wp-content/plugins/mailpoet/generated/FreeCachedContainer.php(990): MailPoetGenerated\FreeCachedContainer->getCustomFieldsRepositoryService()
#6 /var/www/html/wp-content/plugins/mailpoet/generated/FreeCachedContainer.php(980): MailPoetGenerated\FreeCachedContainer->getCustomFields2Service()
#7 /var/www/html/wp-content/plugins/mailpoet/vendor-prefixed/symfony/dependency-injection/Container.php(122): MailPoetGenerated\FreeCachedContainer->getAPI2Service()
#8 /var/www/html/wp-content/plugins/mailpoet/vendor-prefixed/symfony/dependency-injection/Container.php(110): MailPoetVendor\Symfony\Component\DependencyInjection\Container->make('MailPoet\\API\\MP...', 1)
#9 /var/www/html/wp-content/plugins/mailpoet/lib/DI/ContainerWrapper.php(39): MailPoetVendor\Symfony\Component\DependencyInjection\Container->get('MailPoet\\API\\MP...')
#10 /var/www/html/wp-content/plugins/mailpoet/lib/API/API.php(21): MailPoet\DI\ContainerWrapper->get('MailPoet\\API\\MP...')
#11 /var/www/html/wp-content/plugins/woocommerce/src/Admin/Marketing/InstalledExtensions.php(372): MailPoet\API\API::MP('v1')
#12 /var/www/html/wp-content/plugins/woocommerce/src/Admin/Marketing/InstalledExtensions.php(31): Automattic\WooCommerce\Admin\Marketing\InstalledExtensions::get_mailpoet_extension_data()
#13 /var/www/html/wp-content/plugins/woocommerce/src/Internal/Admin/Marketing.php(155): Automattic\WooCommerce\Admin\Marketing\InstalledExtensions::get_data()
#14 /var/www/html/wp-includes/class-wp-hook.php(324): Automattic\WooCommerce\Internal\Admin\Marketing->component_settings(Array)
#15 /var/www/html/wp-includes/plugin.php(205): WP_Hook->apply_filters(Array, Array)
#16 /var/www/html/wp-content/plugins/woocommerce/src/Internal/Admin/WCAdminSharedSettings.php(61): apply_filters('woocommerce_adm...', Array)
#17 /var/www/html/wp-content/plugins/woocommerce/src/Blocks/Assets/AssetDataRegistry.php(268): Automattic\WooCommerce\Internal\Admin\WCAdminSharedSettings->Automattic\WooCommerce\Internal\Admin\{closure}()
#18 /var/www/html/wp-content/plugins/woocommerce/src/Blocks/Assets/AssetDataRegistry.php(393): Automattic\WooCommerce\Blocks\Assets\AssetDataRegistry->execute_lazy_data()
#19 /var/www/html/wp-includes/class-wp-hook.php(324): Automattic\WooCommerce\Blocks\Assets\AssetDataRegistry->enqueue_asset_data('')
#20 /var/www/html/wp-includes/class-wp-hook.php(348): WP_Hook->apply_filters('', Array)
#21 /var/www/html/wp-includes/plugin.php(517): WP_Hook->do_action(Array)
#22 /var/www/html/wp-admin/admin-footer.php(95): do_action('admin_print_foo...')
#23 /var/www/html/wp-admin/admin.php(297): require_once('/var/www/html/w...')
#24 {main}
  thrown in /var/www/html/wp-content/plugins/mailpoet/lib/Doctrine/ConnectionFactory.php on line 85

2024-02-15T07:27:45+00:00 CRITICAL Uncaught Error: Undefined constant PDO::MYSQL_ATTR_INIT_COMMAND in /var/www/html/wp-content/plugins/mailpoet/lib/Doctrine/ConnectionFactory.php:85
Stack trace:
#0 /var/www/html/wp-content/plugins/mailpoet/lib/Doctrine/ConnectionFactory.php(45): MailPoet\Doctrine\ConnectionFactory->getDriverOptions('+07:00', 'utf8mb4', 'utf8mb4_unicode...')
#1 /var/www/html/wp-content/plugins/mailpoet/generated/FreeCachedContainer.php(620): MailPoet\Doctrine\ConnectionFactory->createConnection()
#2 /var/www/html/wp-content/plugins/mailpoet/generated/FreeCachedContainer.php(3190): MailPoetGenerated\FreeCachedContainer->getConnectionService()
#3 /var/www/html/wp-content/plugins/mailpoet/generated/FreeCachedContainer.php(630): MailPoetGenerated\FreeCachedContainer->getEntityManagerFactoryService()
#4 /var/www/html/wp-content/plugins/mailpoet/generated/FreeCachedContainer.php(3158): MailPoetGenerated\FreeCachedContainer->getEntityManagerService()
#5 /var/www/html/wp-content/plugins/mailpoet/generated/FreeCachedContainer.php(990): MailPoetGenerated\FreeCachedContainer->getCustomFieldsRepositoryService()
#6 /var/www/html/wp-content/plugins/mailpoet/generated/FreeCachedContainer.php(980): MailPoetGenerated\FreeCachedContainer->getCustomFields2Service()
#7 /var/www/html/wp-content/plugins/mailpoet/vendor-prefixed/symfony/dependency-injection/Container.php(122): MailPoetGenerated\FreeCachedContainer->getAPI2Service()
#8 /var/www/html/wp-content/plugins/mailpoet/vendor-prefixed/symfony/dependency-injection/Container.php(110): MailPoetVendor\Symfony\Component\DependencyInjection\Container->make('MailPoet\\API\\MP...', 1)
#9 /var/www/html/wp-content/plugins/mailpoet/lib/DI/ContainerWrapper.php(39): MailPoetVendor\Symfony\Component\DependencyInjection\Container->get('MailPoet\\API\\MP...')
#10 /var/www/html/wp-content/plugins/mailpoet/lib/API/API.php(21): MailPoet\DI\ContainerWrapper->get('MailPoet\\API\\MP...')
#11 /var/www/html/wp-content/plugins/woocommerce/src/Admin/Marketing/InstalledExtensions.php(372): MailPoet\API\API::MP('v1')
#12 /var/www/html/wp-content/plugins/woocommerce/src/Admin/Marketing/InstalledExtensions.php(31): Automattic\WooCommerce\Admin\Marketing\InstalledExtensions::get_mailpoet_extension_data()
#13 /var/www/html/wp-content/plugins/woocommerce/src/Internal/Admin/Marketing.php(155): Automattic\WooCommerce\Admin\Marketing\InstalledExtensions::get_data()
#14 /var/www/html/wp-includes/class-wp-hook.php(324): Automattic\WooCommerce\Internal\Admin\Marketing->component_settings(Array)
#15 /var/www/html/wp-includes/plugin.php(205): WP_Hook->apply_filters(Array, Array)
#16 /var/www/html/wp-content/plugins/woocommerce/src/Internal/Admin/WCAdminSharedSettings.php(61): apply_filters('woocommerce_adm...', Array)
#17 /var/www/html/wp-content/plugins/woocommerce/src/Blocks/Assets/AssetDataRegistry.php(268): Automattic\WooCommerce\Internal\Admin\WCAdminSharedSettings->Automattic\WooCommerce\Internal\Admin\{closure}()
#18 /var/www/html/wp-content/plugins/woocommerce/src/Blocks/Assets/AssetDataRegistry.php(393): Automattic\WooCommerce\Blocks\Assets\AssetDataRegistry->execute_lazy_data()
#19 /var/www/html/wp-includes/class-wp-hook.php(324): Automattic\WooCommerce\Blocks\Assets\AssetDataRegistry->enqueue_asset_data('')
#20 /var/www/html/wp-includes/class-wp-hook.php(348): WP_Hook->apply_filters('', Array)
#21 /var/www/html/wp-includes/plugin.php(517): WP_Hook->do_action(Array)
#22 /var/www/html/wp-admin/admin-footer.php(95): do_action('admin_print_foo...')
#23 /var/www/html/wp-admin/admin.php(297): require_once('/var/www/html/w...')
#24 {main}
  thrown in /var/www/html/wp-content/plugins/mailpoet/lib/Doctrine/ConnectionFactory.php on line 85

